2025.05.28 20:35:40 INFO  tracing is disabled for protocol LSP, to enable tracing of incoming and outgoing JSON messages create an empty file at c:\Users\Usuario\OneDrive\Documentos\CURSOS SEXTO CICLO\Curso integrador sistemas I - software\proyecto-pa\panaderialosandes\.metals\lsp.trace.json or C:\Users\Usuario\AppData\Local\scalameta\metals\cache\lsp.trace.json
2025.05.28 20:35:42 INFO  logging to files C:\Users\Usuario\OneDrive\Documentos\CURSOS SEXTO CICLO\Curso integrador sistemas I - software\proyecto-pa\panaderialosandes\.metals\metals.log
2025.05.28 20:35:42 INFO  Started: Metals version 1.5.3 in folders 'C:\Users\Usuario\OneDrive\Documentos\CURSOS SEXTO CICLO\Curso integrador sistemas I - software\proyecto-pa\panaderialosandes' for client Cursor 1.96.2.
2025.05.28 20:38:22 INFO  no build target found for C:\Users\Usuario\OneDrive\Documentos\CURSOS SEXTO CICLO\Curso integrador sistemas I - software\proyecto-pa\panaderialosandes\src\main\java\com\proyecto\panaderialosandes\entidades\Usuarios.java. Using fallback presentation compiler.
2025.05.28 20:38:24 INFO  no build target found for C:\Users\Usuario\OneDrive\Documentos\CURSOS SEXTO CICLO\Curso integrador sistemas I - software\proyecto-pa\panaderialosandes\src\main\java\com\proyecto\panaderialosandes\entidades\Productos.java. Using fallback presentation compiler.
2025.05.28 20:38:25 WARN  no build target for: C:\Users\Usuario\OneDrive\Documentos\CURSOS SEXTO CICLO\Curso integrador sistemas I - software\proyecto-pa\panaderialosandes\src\main\java\com\proyecto\panaderialosandes\controllers\HomeController.java
2025.05.28 20:38:25 INFO  no build target found for C:\Users\Usuario\OneDrive\Documentos\CURSOS SEXTO CICLO\Curso integrador sistemas I - software\proyecto-pa\panaderialosandes\src\main\java\com\proyecto\panaderialosandes\controllers\HomeController.java. Using fallback presentation compiler.
2025.05.28 20:38:26 INFO  no build target found for C:\Users\Usuario\OneDrive\Documentos\CURSOS SEXTO CICLO\Curso integrador sistemas I - software\proyecto-pa\panaderialosandes\src\main\java\com\proyecto\panaderialosandes\controllers\HomeController.java. Using fallback presentation compiler.
2025.05.28 20:38:32 INFO  no build target found for C:\Users\Usuario\OneDrive\Documentos\CURSOS SEXTO CICLO\Curso integrador sistemas I - software\proyecto-pa\panaderialosandes\src\main\java\com\proyecto\panaderialosandes\controllers\HomeController.java. Using fallback presentation compiler.
2025.05.28 20:38:32 WARN  Running javac-semanticdb failed for file:///C:/Users/Usuario/OneDrive/Documentos/CURSOS%20SEXTO%20CICLO/Curso%20integrador%20sistemas%20I%20-%20software/proyecto-pa/panaderialosandes/src/main/java/com/proyecto/panaderialosandes/controllers/HomeController.java. Output:

2025.05.28 20:38:38 INFO  no build target found for C:\Users\Usuario\OneDrive\Documentos\CURSOS SEXTO CICLO\Curso integrador sistemas I - software\proyecto-pa\panaderialosandes\src\main\java\com\proyecto\panaderialosandes\controllers\HomeController.java. Using fallback presentation compiler.
2025.05.28 20:38:38 INFO  no build target found for C:\Users\Usuario\OneDrive\Documentos\CURSOS SEXTO CICLO\Curso integrador sistemas I - software\proyecto-pa\panaderialosandes\src\main\java\com\proyecto\panaderialosandes\controllers\HomeController.java. Using fallback presentation compiler.
2025.05.28 20:38:38 INFO  no build target found for C:\Users\Usuario\OneDrive\Documentos\CURSOS SEXTO CICLO\Curso integrador sistemas I - software\proyecto-pa\panaderialosandes\src\main\java\com\proyecto\panaderialosandes\controllers\HomeController.java. Using fallback presentation compiler.
2025.05.28 20:38:38 INFO  no build target found for C:\Users\Usuario\OneDrive\Documentos\CURSOS SEXTO CICLO\Curso integrador sistemas I - software\proyecto-pa\panaderialosandes\src\main\java\com\proyecto\panaderialosandes\controllers\HomeController.java. Using fallback presentation compiler.
2025.05.28 20:38:39 INFO  no build target found for C:\Users\Usuario\OneDrive\Documentos\CURSOS SEXTO CICLO\Curso integrador sistemas I - software\proyecto-pa\panaderialosandes\src\main\java\com\proyecto\panaderialosandes\controllers\HomeController.java. Using fallback presentation compiler.
2025.05.28 20:38:38 WARN  Running javac-semanticdb failed for file:///C:/Users/Usuario/OneDrive/Documentos/CURSOS%20SEXTO%20CICLO/Curso%20integrador%20sistemas%20I%20-%20software/proyecto-pa/panaderialosandes/src/main/java/com/proyecto/panaderialosandes/controllers/HomeController.java. Output:

2025.05.28 20:38:39 WARN  no build target for: C:\Users\Usuario\OneDrive\Documentos\CURSOS SEXTO CICLO\Curso integrador sistemas I - software\proyecto-pa\panaderialosandes\src\main\java\com\proyecto\panaderialosandes\controllers\HomeController.java
2025.05.28 20:38:39 INFO  no build target found for C:\Users\Usuario\OneDrive\Documentos\CURSOS SEXTO CICLO\Curso integrador sistemas I - software\proyecto-pa\panaderialosandes\src\main\java\com\proyecto\panaderialosandes\controllers\HomeController.java. Using fallback presentation compiler.
2025.05.28 20:38:39 INFO  no build target found for C:\Users\Usuario\OneDrive\Documentos\CURSOS SEXTO CICLO\Curso integrador sistemas I - software\proyecto-pa\panaderialosandes\src\main\java\com\proyecto\panaderialosandes\controllers\HomeController.java. Using fallback presentation compiler.
may. 28, 2025 8:38:40 P. M. org.eclipse.lsp4j.jsonrpc.RemoteEndpoint fallbackResponseError
GRAVE: Internal error: java.lang.ArrayIndexOutOfBoundsException: Index -1 out of bounds for length 10
java.util.concurrent.CompletionException: java.lang.ArrayIndexOutOfBoundsException: Index -1 out of bounds for length 10
	at java.base/java.util.concurrent.CompletableFuture.encodeThrowable(CompletableFuture.java:332)
	at java.base/java.util.concurrent.CompletableFuture.completeThrowable(CompletableFuture.java:347)
	at java.base/java.util.concurrent.CompletableFuture$UniAccept.tryFire(CompletableFuture.java:708)
	at java.base/java.util.concurrent.CompletableFuture.postComplete(CompletableFuture.java:510)
	at java.base/java.util.concurrent.CompletableFuture.completeExceptionally(CompletableFuture.java:2162)
	at scala.meta.internal.metals.CancelTokens$.$anonfun$future$1(CancelTokens.scala:40)
	at scala.meta.internal.metals.CancelTokens$.$anonfun$future$1$adapted(CancelTokens.scala:38)
	at scala.concurrent.impl.Promise$Transformation.run(Promise.scala:484)
	at java.base/java.util.concurrent.ThreadPoolExecutor.runWorker(ThreadPoolExecutor.java:1136)
	at java.base/java.util.concurrent.ThreadPoolExecutor$Worker.run(ThreadPoolExecutor.java:635)
	at java.base/java.lang.Thread.run(Thread.java:840)
Caused by: java.lang.ArrayIndexOutOfBoundsException: Index -1 out of bounds for length 10
	at com.thoughtworks.qdox.parser.impl.JFlexLexer.popState(JFlexLexer.java:1766)
	at com.thoughtworks.qdox.parser.impl.JFlexLexer.yylex(JFlexLexer.java:2403)
	at com.thoughtworks.qdox.parser.impl.JFlexLexer.lex(JFlexLexer.java:1749)
	at com.thoughtworks.qdox.parser.impl.Parser.yylex(Parser.java:2011)
	at com.thoughtworks.qdox.parser.impl.Parser.yyparse(Parser.java:3507)
	at com.thoughtworks.qdox.parser.impl.Parser.parse(Parser.java:2006)
	at com.thoughtworks.qdox.library.SourceLibrary.parse(SourceLibrary.java:232)
	at com.thoughtworks.qdox.library.SourceLibrary.parse(SourceLibrary.java:190)
	at com.thoughtworks.qdox.library.SourceLibrary.addSource(SourceLibrary.java:94)
	at com.thoughtworks.qdox.library.SourceLibrary.addSource(SourceLibrary.java:89)
	at com.thoughtworks.qdox.library.SortedClassLibraryBuilder.addSource(SortedClassLibraryBuilder.java:162)
	at com.thoughtworks.qdox.JavaProjectBuilder.addSource(JavaProjectBuilder.java:174)
	at scala.meta.internal.mtags.JavaMtags.indexRoot(JavaMtags.scala:49)
	at scala.meta.internal.mtags.MtagsIndexer.index(MtagsIndexer.scala:21)
	at scala.meta.internal.mtags.MtagsIndexer.index$(MtagsIndexer.scala:20)
	at scala.meta.internal.mtags.JavaMtags.index(JavaMtags.scala:39)
	at scala.meta.internal.mtags.Mtags$.allToplevels(Mtags.scala:150)
	at scala.meta.internal.metals.DefinitionProvider.fromMtags(DefinitionProvider.scala:359)
	at scala.meta.internal.metals.DefinitionProvider.$anonfun$positionOccurrence$4(DefinitionProvider.scala:278)
	at scala.Option.orElse(Option.scala:477)
	at scala.meta.internal.metals.DefinitionProvider.$anonfun$positionOccurrence$1(DefinitionProvider.scala:278)
	at scala.Option.flatMap(Option.scala:283)
	at scala.meta.internal.metals.DefinitionProvider.positionOccurrence(DefinitionProvider.scala:270)
	at scala.meta.internal.metals.JavaDocumentHighlightProvider.$anonfun$documentHighlight$1(JavaDocumentHighlightProvider.scala:26)
	at scala.collection.immutable.List.map(List.scala:247)
	at scala.meta.internal.metals.JavaDocumentHighlightProvider.documentHighlight(JavaDocumentHighlightProvider.scala:22)
	at scala.meta.internal.metals.MetalsLspService.$anonfun$documentHighlights$1(MetalsLspService.scala:981)
	at scala.meta.internal.metals.CancelTokens$.$anonfun$apply$2(CancelTokens.scala:26)
	at scala.concurrent.Future$.$anonfun$apply$1(Future.scala:687)
	at scala.concurrent.impl.Promise$Transformation.run(Promise.scala:467)
	... 3 more

may. 28, 2025 8:38:42 P. M. org.eclipse.lsp4j.jsonrpc.RemoteEndpoint fallbackResponseError
GRAVE: Internal error: java.lang.ArrayIndexOutOfBoundsException: Index -1 out of bounds for length 10
java.util.concurrent.CompletionException: java.lang.ArrayIndexOutOfBoundsException: Index -1 out of bounds for length 10
	at java.base/java.util.concurrent.CompletableFuture.encodeThrowable(CompletableFuture.java:332)
	at java.base/java.util.concurrent.CompletableFuture.completeThrowable(CompletableFuture.java:347)
	at java.base/java.util.concurrent.CompletableFuture$UniAccept.tryFire(CompletableFuture.java:708)
	at java.base/java.util.concurrent.CompletableFuture.postComplete(CompletableFuture.java:510)
	at java.base/java.util.concurrent.CompletableFuture.completeExceptionally(CompletableFuture.java:2162)
	at scala.meta.internal.metals.CancelTokens$.$anonfun$future$1(CancelTokens.scala:40)
	at scala.meta.internal.metals.CancelTokens$.$anonfun$future$1$adapted(CancelTokens.scala:38)
	at scala.concurrent.impl.Promise$Transformation.run(Promise.scala:484)
	at java.base/java.util.concurrent.ThreadPoolExecutor.runWorker(ThreadPoolExecutor.java:1136)
	at java.base/java.util.concurrent.ThreadPoolExecutor$Worker.run(ThreadPoolExecutor.java:635)
	at java.base/java.lang.Thread.run(Thread.java:840)
Caused by: java.lang.ArrayIndexOutOfBoundsException: Index -1 out of bounds for length 10
	at com.thoughtworks.qdox.parser.impl.JFlexLexer.popState(JFlexLexer.java:1766)
	at com.thoughtworks.qdox.parser.impl.JFlexLexer.yylex(JFlexLexer.java:2403)
	at com.thoughtworks.qdox.parser.impl.JFlexLexer.lex(JFlexLexer.java:1749)
	at com.thoughtworks.qdox.parser.impl.Parser.yylex(Parser.java:2011)
	at com.thoughtworks.qdox.parser.impl.Parser.yyparse(Parser.java:3507)
	at com.thoughtworks.qdox.parser.impl.Parser.parse(Parser.java:2006)
	at com.thoughtworks.qdox.library.SourceLibrary.parse(SourceLibrary.java:232)
	at com.thoughtworks.qdox.library.SourceLibrary.parse(SourceLibrary.java:190)
	at com.thoughtworks.qdox.library.SourceLibrary.addSource(SourceLibrary.java:94)
	at com.thoughtworks.qdox.library.SourceLibrary.addSource(SourceLibrary.java:89)
	at com.thoughtworks.qdox.library.SortedClassLibraryBuilder.addSource(SortedClassLibraryBuilder.java:162)
	at com.thoughtworks.qdox.JavaProjectBuilder.addSource(JavaProjectBuilder.java:174)
	at scala.meta.internal.mtags.JavaMtags.indexRoot(JavaMtags.scala:49)
	at scala.meta.internal.mtags.MtagsIndexer.index(MtagsIndexer.scala:21)
	at scala.meta.internal.mtags.MtagsIndexer.index$(MtagsIndexer.scala:20)
	at scala.meta.internal.mtags.JavaMtags.index(JavaMtags.scala:39)
	at scala.meta.internal.mtags.Mtags$.allToplevels(Mtags.scala:150)
	at scala.meta.internal.metals.DefinitionProvider.fromMtags(DefinitionProvider.scala:359)
	at scala.meta.internal.metals.DefinitionProvider.$anonfun$positionOccurrence$4(DefinitionProvider.scala:278)
	at scala.Option.orElse(Option.scala:477)
	at scala.meta.internal.metals.DefinitionProvider.$anonfun$positionOccurrence$1(DefinitionProvider.scala:278)
	at scala.Option.flatMap(Option.scala:283)
	at scala.meta.internal.metals.DefinitionProvider.positionOccurrence(DefinitionProvider.scala:270)
	at scala.meta.internal.metals.JavaDocumentHighlightProvider.$anonfun$documentHighlight$1(JavaDocumentHighlightProvider.scala:26)
	at scala.collection.immutable.List.map(List.scala:247)
	at scala.meta.internal.metals.JavaDocumentHighlightProvider.documentHighlight(JavaDocumentHighlightProvider.scala:22)
	at scala.meta.internal.metals.MetalsLspService.$anonfun$documentHighlights$1(MetalsLspService.scala:981)
	at scala.meta.internal.metals.CancelTokens$.$anonfun$apply$2(CancelTokens.scala:26)
	at scala.concurrent.Future$.$anonfun$apply$1(Future.scala:687)
	at scala.concurrent.impl.Promise$Transformation.run(Promise.scala:467)
	... 3 more

may. 28, 2025 8:38:42 P. M. org.eclipse.lsp4j.jsonrpc.RemoteEndpoint fallbackResponseError
GRAVE: Internal error: java.lang.ArrayIndexOutOfBoundsException: Index -1 out of bounds for length 10
java.util.concurrent.CompletionException: java.lang.ArrayIndexOutOfBoundsException: Index -1 out of bounds for length 10
	at java.base/java.util.concurrent.CompletableFuture.encodeThrowable(CompletableFuture.java:332)
	at java.base/java.util.concurrent.CompletableFuture.completeThrowable(CompletableFuture.java:347)
	at java.base/java.util.concurrent.CompletableFuture$UniAccept.tryFire(CompletableFuture.java:708)
	at java.base/java.util.concurrent.CompletableFuture.postComplete(CompletableFuture.java:510)
	at java.base/java.util.concurrent.CompletableFuture.completeExceptionally(CompletableFuture.java:2162)
	at scala.meta.internal.metals.CancelTokens$.$anonfun$future$1(CancelTokens.scala:40)
	at scala.meta.internal.metals.CancelTokens$.$anonfun$future$1$adapted(CancelTokens.scala:38)
	at scala.concurrent.impl.Promise$Transformation.run(Promise.scala:484)
	at java.base/java.util.concurrent.ThreadPoolExecutor.runWorker(ThreadPoolExecutor.java:1136)
	at java.base/java.util.concurrent.ThreadPoolExecutor$Worker.run(ThreadPoolExecutor.java:635)
	at java.base/java.lang.Thread.run(Thread.java:840)
Caused by: java.lang.ArrayIndexOutOfBoundsException: Index -1 out of bounds for length 10
	at com.thoughtworks.qdox.parser.impl.JFlexLexer.popState(JFlexLexer.java:1766)
	at com.thoughtworks.qdox.parser.impl.JFlexLexer.yylex(JFlexLexer.java:2403)
	at com.thoughtworks.qdox.parser.impl.JFlexLexer.lex(JFlexLexer.java:1749)
	at com.thoughtworks.qdox.parser.impl.Parser.yylex(Parser.java:2011)
	at com.thoughtworks.qdox.parser.impl.Parser.yyparse(Parser.java:3507)
	at com.thoughtworks.qdox.parser.impl.Parser.parse(Parser.java:2006)
	at com.thoughtworks.qdox.library.SourceLibrary.parse(SourceLibrary.java:232)
	at com.thoughtworks.qdox.library.SourceLibrary.parse(SourceLibrary.java:190)
	at com.thoughtworks.qdox.library.SourceLibrary.addSource(SourceLibrary.java:94)
	at com.thoughtworks.qdox.library.SourceLibrary.addSource(SourceLibrary.java:89)
	at com.thoughtworks.qdox.library.SortedClassLibraryBuilder.addSource(SortedClassLibraryBuilder.java:162)
	at com.thoughtworks.qdox.JavaProjectBuilder.addSource(JavaProjectBuilder.java:174)
	at scala.meta.internal.mtags.JavaMtags.indexRoot(JavaMtags.scala:49)
	at scala.meta.internal.mtags.MtagsIndexer.index(MtagsIndexer.scala:21)
	at scala.meta.internal.mtags.MtagsIndexer.index$(MtagsIndexer.scala:20)
	at scala.meta.internal.mtags.JavaMtags.index(JavaMtags.scala:39)
	at scala.meta.internal.mtags.Mtags$.allToplevels(Mtags.scala:150)
	at scala.meta.internal.metals.DefinitionProvider.fromMtags(DefinitionProvider.scala:359)
	at scala.meta.internal.metals.DefinitionProvider.$anonfun$positionOccurrence$4(DefinitionProvider.scala:278)
	at scala.Option.orElse(Option.scala:477)
	at scala.meta.internal.metals.DefinitionProvider.$anonfun$positionOccurrence$1(DefinitionProvider.scala:278)
	at scala.Option.flatMap(Option.scala:283)
	at scala.meta.internal.metals.DefinitionProvider.positionOccurrence(DefinitionProvider.scala:270)
	at scala.meta.internal.metals.JavaDocumentHighlightProvider.$anonfun$documentHighlight$1(JavaDocumentHighlightProvider.scala:26)
	at scala.collection.immutable.List.map(List.scala:247)
	at scala.meta.internal.metals.JavaDocumentHighlightProvider.documentHighlight(JavaDocumentHighlightProvider.scala:22)
	at scala.meta.internal.metals.MetalsLspService.$anonfun$documentHighlights$1(MetalsLspService.scala:981)
	at scala.meta.internal.metals.CancelTokens$.$anonfun$apply$2(CancelTokens.scala:26)
	at scala.concurrent.Future$.$anonfun$apply$1(Future.scala:687)
	at scala.concurrent.impl.Promise$Transformation.run(Promise.scala:467)
	... 3 more

2025.05.28 20:38:42 INFO  no build target found for C:\Users\Usuario\OneDrive\Documentos\CURSOS SEXTO CICLO\Curso integrador sistemas I - software\proyecto-pa\panaderialosandes\src\main\java\com\proyecto\panaderialosandes\controllers\HomeController.java. Using fallback presentation compiler.
2025.05.28 20:38:42 INFO  no build target found for C:\Users\Usuario\OneDrive\Documentos\CURSOS SEXTO CICLO\Curso integrador sistemas I - software\proyecto-pa\panaderialosandes\src\main\java\com\proyecto\panaderialosandes\controllers\HomeController.java. Using fallback presentation compiler.
2025.05.28 20:38:42 INFO  no build target found for C:\Users\Usuario\OneDrive\Documentos\CURSOS SEXTO CICLO\Curso integrador sistemas I - software\proyecto-pa\panaderialosandes\src\main\java\com\proyecto\panaderialosandes\controllers\HomeController.java. Using fallback presentation compiler.
2025.05.28 20:38:42 INFO  no build target found for C:\Users\Usuario\OneDrive\Documentos\CURSOS SEXTO CICLO\Curso integrador sistemas I - software\proyecto-pa\panaderialosandes\src\main\java\com\proyecto\panaderialosandes\controllers\HomeController.java. Using fallback presentation compiler.
2025.05.28 20:38:42 INFO  no build target found for C:\Users\Usuario\OneDrive\Documentos\CURSOS SEXTO CICLO\Curso integrador sistemas I - software\proyecto-pa\panaderialosandes\src\main\java\com\proyecto\panaderialosandes\controllers\HomeController.java. Using fallback presentation compiler.
2025.05.28 20:38:43 INFO  no build target found for C:\Users\Usuario\OneDrive\Documentos\CURSOS SEXTO CICLO\Curso integrador sistemas I - software\proyecto-pa\panaderialosandes\src\main\java\com\proyecto\panaderialosandes\controllers\HomeController.java. Using fallback presentation compiler.
2025.05.28 20:38:43 INFO  no build target found for C:\Users\Usuario\OneDrive\Documentos\CURSOS SEXTO CICLO\Curso integrador sistemas I - software\proyecto-pa\panaderialosandes\src\main\java\com\proyecto\panaderialosandes\controllers\HomeController.java. Using fallback presentation compiler.
2025.05.28 20:38:43 INFO  no build target found for C:\Users\Usuario\OneDrive\Documentos\CURSOS SEXTO CICLO\Curso integrador sistemas I - software\proyecto-pa\panaderialosandes\src\main\java\com\proyecto\panaderialosandes\controllers\HomeController.java. Using fallback presentation compiler.
2025.05.28 20:38:43 INFO  no build target found for C:\Users\Usuario\OneDrive\Documentos\CURSOS SEXTO CICLO\Curso integrador sistemas I - software\proyecto-pa\panaderialosandes\src\main\java\com\proyecto\panaderialosandes\controllers\HomeController.java. Using fallback presentation compiler.
2025.05.28 20:38:44 INFO  no build target found for C:\Users\Usuario\OneDrive\Documentos\CURSOS SEXTO CICLO\Curso integrador sistemas I - software\proyecto-pa\panaderialosandes\src\main\java\com\proyecto\panaderialosandes\controllers\HomeController.java. Using fallback presentation compiler.
2025.05.28 20:38:43 INFO  no build target found for C:\Users\Usuario\OneDrive\Documentos\CURSOS SEXTO CICLO\Curso integrador sistemas I - software\proyecto-pa\panaderialosandes\src\main\java\com\proyecto\panaderialosandes\controllers\HomeController.java. Using fallback presentation compiler.
2025.05.28 20:38:43 INFO  no build target found for C:\Users\Usuario\OneDrive\Documentos\CURSOS SEXTO CICLO\Curso integrador sistemas I - software\proyecto-pa\panaderialosandes\src\main\java\com\proyecto\panaderialosandes\controllers\HomeController.java. Using fallback presentation compiler.
2025.05.28 20:38:43 INFO  no build target found for C:\Users\Usuario\OneDrive\Documentos\CURSOS SEXTO CICLO\Curso integrador sistemas I - software\proyecto-pa\panaderialosandes\src\main\java\com\proyecto\panaderialosandes\controllers\HomeController.java. Using fallback presentation compiler.
2025.05.28 20:38:44 INFO  no build target found for C:\Users\Usuario\OneDrive\Documentos\CURSOS SEXTO CICLO\Curso integrador sistemas I - software\proyecto-pa\panaderialosandes\src\main\java\com\proyecto\panaderialosandes\controllers\HomeController.java. Using fallback presentation compiler.
2025.05.28 20:38:44 INFO  no build target found for C:\Users\Usuario\OneDrive\Documentos\CURSOS SEXTO CICLO\Curso integrador sistemas I - software\proyecto-pa\panaderialosandes\src\main\java\com\proyecto\panaderialosandes\controllers\HomeController.java. Using fallback presentation compiler.
2025.05.28 20:38:44 INFO  no build target found for C:\Users\Usuario\OneDrive\Documentos\CURSOS SEXTO CICLO\Curso integrador sistemas I - software\proyecto-pa\panaderialosandes\src\main\java\com\proyecto\panaderialosandes\controllers\HomeController.java. Using fallback presentation compiler.
2025.05.28 20:38:44 INFO  no build target found for C:\Users\Usuario\OneDrive\Documentos\CURSOS SEXTO CICLO\Curso integrador sistemas I - software\proyecto-pa\panaderialosandes\src\main\java\com\proyecto\panaderialosandes\controllers\HomeController.java. Using fallback presentation compiler.
2025.05.28 20:38:44 INFO  no build target found for C:\Users\Usuario\OneDrive\Documentos\CURSOS SEXTO CICLO\Curso integrador sistemas I - software\proyecto-pa\panaderialosandes\src\main\java\com\proyecto\panaderialosandes\controllers\HomeController.java. Using fallback presentation compiler.
2025.05.28 20:38:44 INFO  no build target found for C:\Users\Usuario\OneDrive\Documentos\CURSOS SEXTO CICLO\Curso integrador sistemas I - software\proyecto-pa\panaderialosandes\src\main\java\com\proyecto\panaderialosandes\controllers\HomeController.java. Using fallback presentation compiler.
2025.05.28 20:38:44 INFO  no build target found for C:\Users\Usuario\OneDrive\Documentos\CURSOS SEXTO CICLO\Curso integrador sistemas I - software\proyecto-pa\panaderialosandes\src\main\java\com\proyecto\panaderialosandes\controllers\HomeController.java. Using fallback presentation compiler.
2025.05.28 20:38:44 INFO  no build target found for C:\Users\Usuario\OneDrive\Documentos\CURSOS SEXTO CICLO\Curso integrador sistemas I - software\proyecto-pa\panaderialosandes\src\main\java\com\proyecto\panaderialosandes\controllers\HomeController.java. Using fallback presentation compiler.
2025.05.28 20:38:44 INFO  no build target found for C:\Users\Usuario\OneDrive\Documentos\CURSOS SEXTO CICLO\Curso integrador sistemas I - software\proyecto-pa\panaderialosandes\src\main\java\com\proyecto\panaderialosandes\controllers\HomeController.java. Using fallback presentation compiler.
2025.05.28 20:38:44 INFO  no build target found for C:\Users\Usuario\OneDrive\Documentos\CURSOS SEXTO CICLO\Curso integrador sistemas I - software\proyecto-pa\panaderialosandes\src\main\java\com\proyecto\panaderialosandes\controllers\HomeController.java. Using fallback presentation compiler.
2025.05.28 20:38:45 INFO  no build target found for C:\Users\Usuario\OneDrive\Documentos\CURSOS SEXTO CICLO\Curso integrador sistemas I - software\proyecto-pa\panaderialosandes\src\main\java\com\proyecto\panaderialosandes\controllers\HomeController.java. Using fallback presentation compiler.
2025.05.28 20:38:46 INFO  no build target found for C:\Users\Usuario\OneDrive\Documentos\CURSOS SEXTO CICLO\Curso integrador sistemas I - software\proyecto-pa\panaderialosandes\src\main\java\com\proyecto\panaderialosandes\controllers\HomeController.java. Using fallback presentation compiler.
2025.05.28 20:38:46 INFO  no build target found for C:\Users\Usuario\OneDrive\Documentos\CURSOS SEXTO CICLO\Curso integrador sistemas I - software\proyecto-pa\panaderialosandes\src\main\java\com\proyecto\panaderialosandes\controllers\HomeController.java. Using fallback presentation compiler.
2025.05.28 20:38:46 INFO  no build target found for C:\Users\Usuario\OneDrive\Documentos\CURSOS SEXTO CICLO\Curso integrador sistemas I - software\proyecto-pa\panaderialosandes\src\main\java\com\proyecto\panaderialosandes\controllers\HomeController.java. Using fallback presentation compiler.
2025.05.28 20:38:46 INFO  no build target found for C:\Users\Usuario\OneDrive\Documentos\CURSOS SEXTO CICLO\Curso integrador sistemas I - software\proyecto-pa\panaderialosandes\src\main\java\com\proyecto\panaderialosandes\controllers\HomeController.java. Using fallback presentation compiler.
2025.05.28 20:38:46 INFO  no build target found for C:\Users\Usuario\OneDrive\Documentos\CURSOS SEXTO CICLO\Curso integrador sistemas I - software\proyecto-pa\panaderialosandes\src\main\java\com\proyecto\panaderialosandes\controllers\HomeController.java. Using fallback presentation compiler.
2025.05.28 20:38:46 INFO  no build target found for C:\Users\Usuario\OneDrive\Documentos\CURSOS SEXTO CICLO\Curso integrador sistemas I - software\proyecto-pa\panaderialosandes\src\main\java\com\proyecto\panaderialosandes\controllers\HomeController.java. Using fallback presentation compiler.
2025.05.28 20:38:47 INFO  no build target found for C:\Users\Usuario\OneDrive\Documentos\CURSOS SEXTO CICLO\Curso integrador sistemas I - software\proyecto-pa\panaderialosandes\src\main\java\com\proyecto\panaderialosandes\controllers\HomeController.java. Using fallback presentation compiler.
2025.05.28 20:38:48 WARN  no build target for: C:\Users\Usuario\OneDrive\Documentos\CURSOS SEXTO CICLO\Curso integrador sistemas I - software\proyecto-pa\panaderialosandes\src\main\java\com\proyecto\panaderialosandes\controllers\HomeController.java
2025.05.28 20:38:48 INFO  no build target found for C:\Users\Usuario\OneDrive\Documentos\CURSOS SEXTO CICLO\Curso integrador sistemas I - software\proyecto-pa\panaderialosandes\src\main\java\com\proyecto\panaderialosandes\controllers\HomeController.java. Using fallback presentation compiler.
2025.05.28 20:38:47 WARN  Running javac-semanticdb failed for file:///C:/Users/Usuario/OneDrive/Documentos/CURSOS%20SEXTO%20CICLO/Curso%20integrador%20sistemas%20I%20-%20software/proyecto-pa/panaderialosandes/src/main/java/com/proyecto/panaderialosandes/controllers/HomeController.java. Output:

2025.05.28 20:38:48 INFO  no build target found for C:\Users\Usuario\OneDrive\Documentos\CURSOS SEXTO CICLO\Curso integrador sistemas I - software\proyecto-pa\panaderialosandes\src\main\java\com\proyecto\panaderialosandes\controllers\HomeController.java. Using fallback presentation compiler.
2025.05.28 20:38:48 INFO  no build target found for C:\Users\Usuario\OneDrive\Documentos\CURSOS SEXTO CICLO\Curso integrador sistemas I - software\proyecto-pa\panaderialosandes\src\main\java\com\proyecto\panaderialosandes\controllers\HomeController.java. Using fallback presentation compiler.
may. 28, 2025 8:38:48 P. M. org.eclipse.lsp4j.jsonrpc.RemoteEndpoint fallbackResponseError
GRAVE: Internal error: java.lang.ArrayIndexOutOfBoundsException: Index -1 out of bounds for length 10
java.util.concurrent.CompletionException: java.lang.ArrayIndexOutOfBoundsException: Index -1 out of bounds for length 10
	at java.base/java.util.concurrent.CompletableFuture.encodeThrowable(CompletableFuture.java:332)
	at java.base/java.util.concurrent.CompletableFuture.completeThrowable(CompletableFuture.java:347)
	at java.base/java.util.concurrent.CompletableFuture$UniAccept.tryFire(CompletableFuture.java:708)
	at java.base/java.util.concurrent.CompletableFuture.postComplete(CompletableFuture.java:510)
	at java.base/java.util.concurrent.CompletableFuture.completeExceptionally(CompletableFuture.java:2162)
	at scala.meta.internal.metals.CancelTokens$.$anonfun$future$1(CancelTokens.scala:40)
	at scala.meta.internal.metals.CancelTokens$.$anonfun$future$1$adapted(CancelTokens.scala:38)
	at scala.concurrent.impl.Promise$Transformation.run(Promise.scala:484)
	at java.base/java.util.concurrent.ThreadPoolExecutor.runWorker(ThreadPoolExecutor.java:1136)
	at java.base/java.util.concurrent.ThreadPoolExecutor$Worker.run(ThreadPoolExecutor.java:635)
	at java.base/java.lang.Thread.run(Thread.java:840)
Caused by: java.lang.ArrayIndexOutOfBoundsException: Index -1 out of bounds for length 10
	at com.thoughtworks.qdox.parser.impl.JFlexLexer.popState(JFlexLexer.java:1766)
	at com.thoughtworks.qdox.parser.impl.JFlexLexer.yylex(JFlexLexer.java:2403)
	at com.thoughtworks.qdox.parser.impl.JFlexLexer.lex(JFlexLexer.java:1749)
	at com.thoughtworks.qdox.parser.impl.Parser.yylex(Parser.java:2011)
	at com.thoughtworks.qdox.parser.impl.Parser.yyparse(Parser.java:3507)
	at com.thoughtworks.qdox.parser.impl.Parser.parse(Parser.java:2006)
	at com.thoughtworks.qdox.library.SourceLibrary.parse(SourceLibrary.java:232)
	at com.thoughtworks.qdox.library.SourceLibrary.parse(SourceLibrary.java:190)
	at com.thoughtworks.qdox.library.SourceLibrary.addSource(SourceLibrary.java:94)
	at com.thoughtworks.qdox.library.SourceLibrary.addSource(SourceLibrary.java:89)
	at com.thoughtworks.qdox.library.SortedClassLibraryBuilder.addSource(SortedClassLibraryBuilder.java:162)
	at com.thoughtworks.qdox.JavaProjectBuilder.addSource(JavaProjectBuilder.java:174)
	at scala.meta.internal.mtags.JavaMtags.indexRoot(JavaMtags.scala:49)
	at scala.meta.internal.mtags.MtagsIndexer.index(MtagsIndexer.scala:21)
	at scala.meta.internal.mtags.MtagsIndexer.index$(MtagsIndexer.scala:20)
	at scala.meta.internal.mtags.JavaMtags.index(JavaMtags.scala:39)
	at scala.meta.internal.mtags.Mtags$.allToplevels(Mtags.scala:150)
	at scala.meta.internal.metals.DefinitionProvider.fromMtags(DefinitionProvider.scala:359)
	at scala.meta.internal.metals.DefinitionProvider.$anonfun$positionOccurrence$4(DefinitionProvider.scala:278)
	at scala.Option.orElse(Option.scala:477)
	at scala.meta.internal.metals.DefinitionProvider.$anonfun$positionOccurrence$1(DefinitionProvider.scala:278)
	at scala.Option.flatMap(Option.scala:283)
	at scala.meta.internal.metals.DefinitionProvider.positionOccurrence(DefinitionProvider.scala:270)
	at scala.meta.internal.metals.JavaDocumentHighlightProvider.$anonfun$documentHighlight$1(JavaDocumentHighlightProvider.scala:26)
	at scala.collection.immutable.List.map(List.scala:247)
	at scala.meta.internal.metals.JavaDocumentHighlightProvider.documentHighlight(JavaDocumentHighlightProvider.scala:22)
	at scala.meta.internal.metals.MetalsLspService.$anonfun$documentHighlights$1(MetalsLspService.scala:981)
	at scala.meta.internal.metals.CancelTokens$.$anonfun$apply$2(CancelTokens.scala:26)
	at scala.concurrent.Future$.$anonfun$apply$1(Future.scala:687)
	at scala.concurrent.impl.Promise$Transformation.run(Promise.scala:467)
	... 3 more

may. 28, 2025 8:38:48 P. M. org.eclipse.lsp4j.jsonrpc.RemoteEndpoint fallbackResponseError
GRAVE: Internal error: java.lang.ArrayIndexOutOfBoundsException: Index -1 out of bounds for length 10
java.util.concurrent.CompletionException: java.lang.ArrayIndexOutOfBoundsException: Index -1 out of bounds for length 10
	at java.base/java.util.concurrent.CompletableFuture.encodeThrowable(CompletableFuture.java:332)
	at java.base/java.util.concurrent.CompletableFuture.completeThrowable(CompletableFuture.java:347)
	at java.base/java.util.concurrent.CompletableFuture$UniAccept.tryFire(CompletableFuture.java:708)
	at java.base/java.util.concurrent.CompletableFuture.postComplete(CompletableFuture.java:510)
	at java.base/java.util.concurrent.CompletableFuture.completeExceptionally(CompletableFuture.java:2162)
	at scala.meta.internal.metals.CancelTokens$.$anonfun$future$1(CancelTokens.scala:40)
	at scala.meta.internal.metals.CancelTokens$.$anonfun$future$1$adapted(CancelTokens.scala:38)
	at scala.concurrent.impl.Promise$Transformation.run(Promise.scala:484)
	at java.base/java.util.concurrent.ThreadPoolExecutor.runWorker(ThreadPoolExecutor.java:1136)
	at java.base/java.util.concurrent.ThreadPoolExecutor$Worker.run(ThreadPoolExecutor.java:635)
	at java.base/java.lang.Thread.run(Thread.java:840)
Caused by: java.lang.ArrayIndexOutOfBoundsException: Index -1 out of bounds for length 10
	at com.thoughtworks.qdox.parser.impl.JFlexLexer.popState(JFlexLexer.java:1766)
	at com.thoughtworks.qdox.parser.impl.JFlexLexer.yylex(JFlexLexer.java:2403)
	at com.thoughtworks.qdox.parser.impl.JFlexLexer.lex(JFlexLexer.java:1749)
	at com.thoughtworks.qdox.parser.impl.Parser.yylex(Parser.java:2011)
	at com.thoughtworks.qdox.parser.impl.Parser.yyparse(Parser.java:3507)
	at com.thoughtworks.qdox.parser.impl.Parser.parse(Parser.java:2006)
	at com.thoughtworks.qdox.library.SourceLibrary.parse(SourceLibrary.java:232)
	at com.thoughtworks.qdox.library.SourceLibrary.parse(SourceLibrary.java:190)
	at com.thoughtworks.qdox.library.SourceLibrary.addSource(SourceLibrary.java:94)
	at com.thoughtworks.qdox.library.SourceLibrary.addSource(SourceLibrary.java:89)
	at com.thoughtworks.qdox.library.SortedClassLibraryBuilder.addSource(SortedClassLibraryBuilder.java:162)
	at com.thoughtworks.qdox.JavaProjectBuilder.addSource(JavaProjectBuilder.java:174)
	at scala.meta.internal.mtags.JavaMtags.indexRoot(JavaMtags.scala:49)
	at scala.meta.internal.mtags.MtagsIndexer.index(MtagsIndexer.scala:21)
	at scala.meta.internal.mtags.MtagsIndexer.index$(MtagsIndexer.scala:20)
	at scala.meta.internal.mtags.JavaMtags.index(JavaMtags.scala:39)
	at scala.meta.internal.mtags.Mtags$.allToplevels(Mtags.scala:150)
	at scala.meta.internal.metals.DefinitionProvider.fromMtags(DefinitionProvider.scala:359)
	at scala.meta.internal.metals.DefinitionProvider.$anonfun$positionOccurrence$4(DefinitionProvider.scala:278)
	at scala.Option.orElse(Option.scala:477)
	at scala.meta.internal.metals.DefinitionProvider.$anonfun$positionOccurrence$1(DefinitionProvider.scala:278)
	at scala.Option.flatMap(Option.scala:283)
	at scala.meta.internal.metals.DefinitionProvider.positionOccurrence(DefinitionProvider.scala:270)
	at scala.meta.internal.metals.JavaDocumentHighlightProvider.$anonfun$documentHighlight$1(JavaDocumentHighlightProvider.scala:26)
	at scala.collection.immutable.List.map(List.scala:247)
	at scala.meta.internal.metals.JavaDocumentHighlightProvider.documentHighlight(JavaDocumentHighlightProvider.scala:22)
	at scala.meta.internal.metals.MetalsLspService.$anonfun$documentHighlights$1(MetalsLspService.scala:981)
	at scala.meta.internal.metals.CancelTokens$.$anonfun$apply$2(CancelTokens.scala:26)
	at scala.concurrent.Future$.$anonfun$apply$1(Future.scala:687)
	at scala.concurrent.impl.Promise$Transformation.run(Promise.scala:467)
	... 3 more

2025.05.28 20:38:49 INFO  no build target found for C:\Users\Usuario\OneDrive\Documentos\CURSOS SEXTO CICLO\Curso integrador sistemas I - software\proyecto-pa\panaderialosandes\src\main\java\com\proyecto\panaderialosandes\controllers\HomeController.java. Using fallback presentation compiler.
2025.05.28 20:38:49 INFO  no build target found for C:\Users\Usuario\OneDrive\Documentos\CURSOS SEXTO CICLO\Curso integrador sistemas I - software\proyecto-pa\panaderialosandes\src\main\java\com\proyecto\panaderialosandes\controllers\HomeController.java. Using fallback presentation compiler.
2025.05.28 20:38:49 INFO  no build target found for C:\Users\Usuario\OneDrive\Documentos\CURSOS SEXTO CICLO\Curso integrador sistemas I - software\proyecto-pa\panaderialosandes\src\main\java\com\proyecto\panaderialosandes\controllers\HomeController.java. Using fallback presentation compiler.
2025.05.28 20:38:50 INFO  no build target found for C:\Users\Usuario\OneDrive\Documentos\CURSOS SEXTO CICLO\Curso integrador sistemas I - software\proyecto-pa\panaderialosandes\src\main\java\com\proyecto\panaderialosandes\controllers\HomeController.java. Using fallback presentation compiler.
2025.05.28 20:38:49 INFO  no build target found for C:\Users\Usuario\OneDrive\Documentos\CURSOS SEXTO CICLO\Curso integrador sistemas I - software\proyecto-pa\panaderialosandes\src\main\java\com\proyecto\panaderialosandes\controllers\HomeController.java. Using fallback presentation compiler.
2025.05.28 20:38:50 INFO  no build target found for C:\Users\Usuario\OneDrive\Documentos\CURSOS SEXTO CICLO\Curso integrador sistemas I - software\proyecto-pa\panaderialosandes\src\main\java\com\proyecto\panaderialosandes\controllers\HomeController.java. Using fallback presentation compiler.
2025.05.28 20:38:51 INFO  no build target found for C:\Users\Usuario\OneDrive\Documentos\CURSOS SEXTO CICLO\Curso integrador sistemas I - software\proyecto-pa\panaderialosandes\src\main\java\com\proyecto\panaderialosandes\controllers\HomeController.java. Using fallback presentation compiler.
2025.05.28 20:38:51 INFO  no build target found for C:\Users\Usuario\OneDrive\Documentos\CURSOS SEXTO CICLO\Curso integrador sistemas I - software\proyecto-pa\panaderialosandes\src\main\java\com\proyecto\panaderialosandes\controllers\HomeController.java. Using fallback presentation compiler.
2025.05.28 20:38:51 INFO  no build target found for C:\Users\Usuario\OneDrive\Documentos\CURSOS SEXTO CICLO\Curso integrador sistemas I - software\proyecto-pa\panaderialosandes\src\main\java\com\proyecto\panaderialosandes\controllers\HomeController.java. Using fallback presentation compiler.
2025.05.28 20:38:51 INFO  no build target found for C:\Users\Usuario\OneDrive\Documentos\CURSOS SEXTO CICLO\Curso integrador sistemas I - software\proyecto-pa\panaderialosandes\src\main\java\com\proyecto\panaderialosandes\controllers\HomeController.java. Using fallback presentation compiler.
2025.05.28 20:38:53 INFO  no build target found for C:\Users\Usuario\OneDrive\Documentos\CURSOS SEXTO CICLO\Curso integrador sistemas I - software\proyecto-pa\panaderialosandes\src\main\java\com\proyecto\panaderialosandes\controllers\HomeController.java. Using fallback presentation compiler.
2025.05.28 20:38:53 INFO  no build target found for C:\Users\Usuario\OneDrive\Documentos\CURSOS SEXTO CICLO\Curso integrador sistemas I - software\proyecto-pa\panaderialosandes\src\main\java\com\proyecto\panaderialosandes\controllers\HomeController.java. Using fallback presentation compiler.
2025.05.28 20:38:54 WARN  no build target for: C:\Users\Usuario\OneDrive\Documentos\CURSOS SEXTO CICLO\Curso integrador sistemas I - software\proyecto-pa\panaderialosandes\src\main\java\com\proyecto\panaderialosandes\controllers\HomeController.java
2025.05.28 20:38:54 INFO  no build target found for C:\Users\Usuario\OneDrive\Documentos\CURSOS SEXTO CICLO\Curso integrador sistemas I - software\proyecto-pa\panaderialosandes\src\main\java\com\proyecto\panaderialosandes\controllers\HomeController.java. Using fallback presentation compiler.
2025.05.28 20:38:54 WARN  Running javac-semanticdb failed for file:///C:/Users/Usuario/OneDrive/Documentos/CURSOS%20SEXTO%20CICLO/Curso%20integrador%20sistemas%20I%20-%20software/proyecto-pa/panaderialosandes/src/main/java/com/proyecto/panaderialosandes/controllers/HomeController.java. Output:

2025.05.28 20:38:54 INFO  no build target found for C:\Users\Usuario\OneDrive\Documentos\CURSOS SEXTO CICLO\Curso integrador sistemas I - software\proyecto-pa\panaderialosandes\src\main\java\com\proyecto\panaderialosandes\controllers\HomeController.java. Using fallback presentation compiler.
2025.05.28 20:38:54 INFO  no build target found for C:\Users\Usuario\OneDrive\Documentos\CURSOS SEXTO CICLO\Curso integrador sistemas I - software\proyecto-pa\panaderialosandes\src\main\java\com\proyecto\panaderialosandes\controllers\HomeController.java. Using fallback presentation compiler.
2025.05.28 20:38:54 INFO  no build target found for C:\Users\Usuario\OneDrive\Documentos\CURSOS SEXTO CICLO\Curso integrador sistemas I - software\proyecto-pa\panaderialosandes\src\main\java\com\proyecto\panaderialosandes\controllers\HomeController.java. Using fallback presentation compiler.
2025.05.28 20:38:55 INFO  no build target found for C:\Users\Usuario\OneDrive\Documentos\CURSOS SEXTO CICLO\Curso integrador sistemas I - software\proyecto-pa\panaderialosandes\src\main\java\com\proyecto\panaderialosandes\controllers\HomeController.java. Using fallback presentation compiler.
2025.05.28 20:38:55 INFO  no build target found for C:\Users\Usuario\OneDrive\Documentos\CURSOS SEXTO CICLO\Curso integrador sistemas I - software\proyecto-pa\panaderialosandes\src\main\java\com\proyecto\panaderialosandes\controllers\HomeController.java. Using fallback presentation compiler.
2025.05.28 20:38:55 INFO  no build target found for C:\Users\Usuario\OneDrive\Documentos\CURSOS SEXTO CICLO\Curso integrador sistemas I - software\proyecto-pa\panaderialosandes\src\main\java\com\proyecto\panaderialosandes\controllers\HomeController.java. Using fallback presentation compiler.
2025.05.28 20:38:55 INFO  no build target found for C:\Users\Usuario\OneDrive\Documentos\CURSOS SEXTO CICLO\Curso integrador sistemas I - software\proyecto-pa\panaderialosandes\src\main\java\com\proyecto\panaderialosandes\controllers\HomeController.java. Using fallback presentation compiler.
2025.05.28 20:38:55 INFO  no build target found for C:\Users\Usuario\OneDrive\Documentos\CURSOS SEXTO CICLO\Curso integrador sistemas I - software\proyecto-pa\panaderialosandes\src\main\java\com\proyecto\panaderialosandes\controllers\HomeController.java. Using fallback presentation compiler.
2025.05.28 20:38:55 INFO  no build target found for C:\Users\Usuario\OneDrive\Documentos\CURSOS SEXTO CICLO\Curso integrador sistemas I - software\proyecto-pa\panaderialosandes\src\main\java\com\proyecto\panaderialosandes\controllers\HomeController.java. Using fallback presentation compiler.
2025.05.28 20:38:55 INFO  no build target found for C:\Users\Usuario\OneDrive\Documentos\CURSOS SEXTO CICLO\Curso integrador sistemas I - software\proyecto-pa\panaderialosandes\src\main\java\com\proyecto\panaderialosandes\controllers\HomeController.java. Using fallback presentation compiler.
2025.05.28 20:38:55 INFO  no build target found for C:\Users\Usuario\OneDrive\Documentos\CURSOS SEXTO CICLO\Curso integrador sistemas I - software\proyecto-pa\panaderialosandes\src\main\java\com\proyecto\panaderialosandes\controllers\HomeController.java. Using fallback presentation compiler.
2025.05.28 20:38:55 INFO  no build target found for C:\Users\Usuario\OneDrive\Documentos\CURSOS SEXTO CICLO\Curso integrador sistemas I - software\proyecto-pa\panaderialosandes\src\main\java\com\proyecto\panaderialosandes\controllers\HomeController.java. Using fallback presentation compiler.
2025.05.28 20:38:55 INFO  no build target found for C:\Users\Usuario\OneDrive\Documentos\CURSOS SEXTO CICLO\Curso integrador sistemas I - software\proyecto-pa\panaderialosandes\src\main\java\com\proyecto\panaderialosandes\controllers\HomeController.java. Using fallback presentation compiler.
2025.05.28 20:38:56 INFO  no build target found for C:\Users\Usuario\OneDrive\Documentos\CURSOS SEXTO CICLO\Curso integrador sistemas I - software\proyecto-pa\panaderialosandes\src\main\java\com\proyecto\panaderialosandes\controllers\HomeController.java. Using fallback presentation compiler.
2025.05.28 20:38:57 WARN  Running javac-semanticdb failed for file:///C:/Users/Usuario/OneDrive/Documentos/CURSOS%20SEXTO%20CICLO/Curso%20integrador%20sistemas%20I%20-%20software/proyecto-pa/panaderialosandes/src/main/java/com/proyecto/panaderialosandes/controllers/HomeController.java. Output:

may. 28, 2025 8:38:57 P. M. org.eclipse.lsp4j.jsonrpc.RemoteEndpoint fallbackResponseError
GRAVE: Internal error: java.lang.ArrayIndexOutOfBoundsException: Index -1 out of bounds for length 10
java.util.concurrent.CompletionException: java.lang.ArrayIndexOutOfBoundsException: Index -1 out of bounds for length 10
	at java.base/java.util.concurrent.CompletableFuture.encodeThrowable(CompletableFuture.java:332)
	at java.base/java.util.concurrent.CompletableFuture.completeThrowable(CompletableFuture.java:347)
	at java.base/java.util.concurrent.CompletableFuture$UniAccept.tryFire(CompletableFuture.java:708)
	at java.base/java.util.concurrent.CompletableFuture.postComplete(CompletableFuture.java:510)
	at java.base/java.util.concurrent.CompletableFuture.completeExceptionally(CompletableFuture.java:2162)
	at scala.meta.internal.metals.CancelTokens$.$anonfun$future$1(CancelTokens.scala:40)
	at scala.meta.internal.metals.CancelTokens$.$anonfun$future$1$adapted(CancelTokens.scala:38)
	at scala.concurrent.impl.Promise$Transformation.run(Promise.scala:484)
	at java.base/java.util.concurrent.ThreadPoolExecutor.runWorker(ThreadPoolExecutor.java:1136)
	at java.base/java.util.concurrent.ThreadPoolExecutor$Worker.run(ThreadPoolExecutor.java:635)
	at java.base/java.lang.Thread.run(Thread.java:840)
Caused by: java.lang.ArrayIndexOutOfBoundsException: Index -1 out of bounds for length 10
	at com.thoughtworks.qdox.parser.impl.JFlexLexer.popState(JFlexLexer.java:1766)
	at com.thoughtworks.qdox.parser.impl.JFlexLexer.yylex(JFlexLexer.java:2403)
	at com.thoughtworks.qdox.parser.impl.JFlexLexer.lex(JFlexLexer.java:1749)
	at com.thoughtworks.qdox.parser.impl.Parser.yylex(Parser.java:2011)
	at com.thoughtworks.qdox.parser.impl.Parser.yyparse(Parser.java:3507)
	at com.thoughtworks.qdox.parser.impl.Parser.parse(Parser.java:2006)
	at com.thoughtworks.qdox.library.SourceLibrary.parse(SourceLibrary.java:232)
	at com.thoughtworks.qdox.library.SourceLibrary.parse(SourceLibrary.java:190)
	at com.thoughtworks.qdox.library.SourceLibrary.addSource(SourceLibrary.java:94)
	at com.thoughtworks.qdox.library.SourceLibrary.addSource(SourceLibrary.java:89)
	at com.thoughtworks.qdox.library.SortedClassLibraryBuilder.addSource(SortedClassLibraryBuilder.java:162)
	at com.thoughtworks.qdox.JavaProjectBuilder.addSource(JavaProjectBuilder.java:174)
	at scala.meta.internal.mtags.JavaMtags.indexRoot(JavaMtags.scala:49)
	at scala.meta.internal.mtags.MtagsIndexer.index(MtagsIndexer.scala:21)
	at scala.meta.internal.mtags.MtagsIndexer.index$(MtagsIndexer.scala:20)
	at scala.meta.internal.mtags.JavaMtags.index(JavaMtags.scala:39)
	at scala.meta.internal.mtags.Mtags$.allToplevels(Mtags.scala:150)
	at scala.meta.internal.metals.DefinitionProvider.fromMtags(DefinitionProvider.scala:359)
	at scala.meta.internal.metals.DefinitionProvider.$anonfun$positionOccurrence$4(DefinitionProvider.scala:278)
	at scala.Option.orElse(Option.scala:477)
	at scala.meta.internal.metals.DefinitionProvider.$anonfun$positionOccurrence$1(DefinitionProvider.scala:278)
	at scala.Option.flatMap(Option.scala:283)
	at scala.meta.internal.metals.DefinitionProvider.positionOccurrence(DefinitionProvider.scala:270)
	at scala.meta.internal.metals.JavaDocumentHighlightProvider.$anonfun$documentHighlight$1(JavaDocumentHighlightProvider.scala:26)
	at scala.collection.immutable.List.map(List.scala:247)
	at scala.meta.internal.metals.JavaDocumentHighlightProvider.documentHighlight(JavaDocumentHighlightProvider.scala:22)
	at scala.meta.internal.metals.MetalsLspService.$anonfun$documentHighlights$1(MetalsLspService.scala:981)
	at scala.meta.internal.metals.CancelTokens$.$anonfun$apply$2(CancelTokens.scala:26)
	at scala.concurrent.Future$.$anonfun$apply$1(Future.scala:687)
	at scala.concurrent.impl.Promise$Transformation.run(Promise.scala:467)
	... 3 more

2025.05.28 20:38:56 WARN  no build target for: C:\Users\Usuario\OneDrive\Documentos\CURSOS SEXTO CICLO\Curso integrador sistemas I - software\proyecto-pa\panaderialosandes\src\main\java\com\proyecto\panaderialosandes\controllers\HomeController.java
2025.05.28 20:38:57 INFO  no build target found for C:\Users\Usuario\OneDrive\Documentos\CURSOS SEXTO CICLO\Curso integrador sistemas I - software\proyecto-pa\panaderialosandes\src\main\java\com\proyecto\panaderialosandes\controllers\HomeController.java. Using fallback presentation compiler.
may. 28, 2025 8:38:58 P. M. org.eclipse.lsp4j.jsonrpc.RemoteEndpoint fallbackResponseError
GRAVE: Internal error: java.lang.ArrayIndexOutOfBoundsException: Index -1 out of bounds for length 10
java.util.concurrent.CompletionException: java.lang.ArrayIndexOutOfBoundsException: Index -1 out of bounds for length 10
	at java.base/java.util.concurrent.CompletableFuture.encodeThrowable(CompletableFuture.java:332)
	at java.base/java.util.concurrent.CompletableFuture.completeThrowable(CompletableFuture.java:347)
	at java.base/java.util.concurrent.CompletableFuture$UniAccept.tryFire(CompletableFuture.java:708)
	at java.base/java.util.concurrent.CompletableFuture.postComplete(CompletableFuture.java:510)
	at java.base/java.util.concurrent.CompletableFuture.completeExceptionally(CompletableFuture.java:2162)
	at scala.meta.internal.metals.CancelTokens$.$anonfun$future$1(CancelTokens.scala:40)
	at scala.meta.internal.metals.CancelTokens$.$anonfun$future$1$adapted(CancelTokens.scala:38)
	at scala.concurrent.impl.Promise$Transformation.run(Promise.scala:484)
	at java.base/java.util.concurrent.ThreadPoolExecutor.runWorker(ThreadPoolExecutor.java:1136)
	at java.base/java.util.concurrent.ThreadPoolExecutor$Worker.run(ThreadPoolExecutor.java:635)
	at java.base/java.lang.Thread.run(Thread.java:840)
Caused by: java.lang.ArrayIndexOutOfBoundsException: Index -1 out of bounds for length 10
	at com.thoughtworks.qdox.parser.impl.JFlexLexer.popState(JFlexLexer.java:1766)
	at com.thoughtworks.qdox.parser.impl.JFlexLexer.yylex(JFlexLexer.java:2403)
	at com.thoughtworks.qdox.parser.impl.JFlexLexer.lex(JFlexLexer.java:1749)
	at com.thoughtworks.qdox.parser.impl.Parser.yylex(Parser.java:2011)
	at com.thoughtworks.qdox.parser.impl.Parser.yyparse(Parser.java:3507)
	at com.thoughtworks.qdox.parser.impl.Parser.parse(Parser.java:2006)
	at com.thoughtworks.qdox.library.SourceLibrary.parse(SourceLibrary.java:232)
	at com.thoughtworks.qdox.library.SourceLibrary.parse(SourceLibrary.java:190)
	at com.thoughtworks.qdox.library.SourceLibrary.addSource(SourceLibrary.java:94)
	at com.thoughtworks.qdox.library.SourceLibrary.addSource(SourceLibrary.java:89)
	at com.thoughtworks.qdox.library.SortedClassLibraryBuilder.addSource(SortedClassLibraryBuilder.java:162)
	at com.thoughtworks.qdox.JavaProjectBuilder.addSource(JavaProjectBuilder.java:174)
	at scala.meta.internal.mtags.JavaMtags.indexRoot(JavaMtags.scala:49)
	at scala.meta.internal.mtags.MtagsIndexer.index(MtagsIndexer.scala:21)
	at scala.meta.internal.mtags.MtagsIndexer.index$(MtagsIndexer.scala:20)
	at scala.meta.internal.mtags.JavaMtags.index(JavaMtags.scala:39)
	at scala.meta.internal.mtags.Mtags$.allToplevels(Mtags.scala:150)
	at scala.meta.internal.metals.DefinitionProvider.fromMtags(DefinitionProvider.scala:359)
	at scala.meta.internal.metals.DefinitionProvider.$anonfun$positionOccurrence$4(DefinitionProvider.scala:278)
	at scala.Option.orElse(Option.scala:477)
	at scala.meta.internal.metals.DefinitionProvider.$anonfun$positionOccurrence$1(DefinitionProvider.scala:278)
	at scala.Option.flatMap(Option.scala:283)
	at scala.meta.internal.metals.DefinitionProvider.positionOccurrence(DefinitionProvider.scala:270)
	at scala.meta.internal.metals.JavaDocumentHighlightProvider.$anonfun$documentHighlight$1(JavaDocumentHighlightProvider.scala:26)
	at scala.collection.immutable.List.map(List.scala:247)
	at scala.meta.internal.metals.JavaDocumentHighlightProvider.documentHighlight(JavaDocumentHighlightProvider.scala:22)
	at scala.meta.internal.metals.MetalsLspService.$anonfun$documentHighlights$1(MetalsLspService.scala:981)
	at scala.meta.internal.metals.CancelTokens$.$anonfun$apply$2(CancelTokens.scala:26)
	at scala.concurrent.Future$.$anonfun$apply$1(Future.scala:687)
	at scala.concurrent.impl.Promise$Transformation.run(Promise.scala:467)
	... 3 more

may. 28, 2025 8:38:58 P. M. org.eclipse.lsp4j.jsonrpc.RemoteEndpoint fallbackResponseError
GRAVE: Internal error: java.lang.ArrayIndexOutOfBoundsException: Index -1 out of bounds for length 10
java.util.concurrent.CompletionException: java.lang.ArrayIndexOutOfBoundsException: Index -1 out of bounds for length 10
	at java.base/java.util.concurrent.CompletableFuture.encodeThrowable(CompletableFuture.java:332)
	at java.base/java.util.concurrent.CompletableFuture.completeThrowable(CompletableFuture.java:347)
	at java.base/java.util.concurrent.CompletableFuture$UniAccept.tryFire(CompletableFuture.java:708)
	at java.base/java.util.concurrent.CompletableFuture.postComplete(CompletableFuture.java:510)
	at java.base/java.util.concurrent.CompletableFuture.completeExceptionally(CompletableFuture.java:2162)
	at scala.meta.internal.metals.CancelTokens$.$anonfun$future$1(CancelTokens.scala:40)
	at scala.meta.internal.metals.CancelTokens$.$anonfun$future$1$adapted(CancelTokens.scala:38)
	at scala.concurrent.impl.Promise$Transformation.run(Promise.scala:484)
	at java.base/java.util.concurrent.ThreadPoolExecutor.runWorker(ThreadPoolExecutor.java:1136)
	at java.base/java.util.concurrent.ThreadPoolExecutor$Worker.run(ThreadPoolExecutor.java:635)
	at java.base/java.lang.Thread.run(Thread.java:840)
Caused by: java.lang.ArrayIndexOutOfBoundsException: Index -1 out of bounds for length 10
	at com.thoughtworks.qdox.parser.impl.JFlexLexer.popState(JFlexLexer.java:1766)
	at com.thoughtworks.qdox.parser.impl.JFlexLexer.yylex(JFlexLexer.java:2403)
	at com.thoughtworks.qdox.parser.impl.JFlexLexer.lex(JFlexLexer.java:1749)
	at com.thoughtworks.qdox.parser.impl.Parser.yylex(Parser.java:2011)
	at com.thoughtworks.qdox.parser.impl.Parser.yyparse(Parser.java:3507)
	at com.thoughtworks.qdox.parser.impl.Parser.parse(Parser.java:2006)
	at com.thoughtworks.qdox.library.SourceLibrary.parse(SourceLibrary.java:232)
	at com.thoughtworks.qdox.library.SourceLibrary.parse(SourceLibrary.java:190)
	at com.thoughtworks.qdox.library.SourceLibrary.addSource(SourceLibrary.java:94)
	at com.thoughtworks.qdox.library.SourceLibrary.addSource(SourceLibrary.java:89)
	at com.thoughtworks.qdox.library.SortedClassLibraryBuilder.addSource(SortedClassLibraryBuilder.java:162)
	at com.thoughtworks.qdox.JavaProjectBuilder.addSource(JavaProjectBuilder.java:174)
	at scala.meta.internal.mtags.JavaMtags.indexRoot(JavaMtags.scala:49)
	at scala.meta.internal.mtags.MtagsIndexer.index(MtagsIndexer.scala:21)
	at scala.meta.internal.mtags.MtagsIndexer.index$(MtagsIndexer.scala:20)
	at scala.meta.internal.mtags.JavaMtags.index(JavaMtags.scala:39)
	at scala.meta.internal.mtags.Mtags$.allToplevels(Mtags.scala:150)
	at scala.meta.internal.metals.DefinitionProvider.fromMtags(DefinitionProvider.scala:359)
	at scala.meta.internal.metals.DefinitionProvider.$anonfun$positionOccurrence$4(DefinitionProvider.scala:278)
	at scala.Option.orElse(Option.scala:477)
	at scala.meta.internal.metals.DefinitionProvider.$anonfun$positionOccurrence$1(DefinitionProvider.scala:278)
	at scala.Option.flatMap(Option.scala:283)
	at scala.meta.internal.metals.DefinitionProvider.positionOccurrence(DefinitionProvider.scala:270)
	at scala.meta.internal.metals.JavaDocumentHighlightProvider.$anonfun$documentHighlight$1(JavaDocumentHighlightProvider.scala:26)
	at scala.collection.immutable.List.map(List.scala:247)
	at scala.meta.internal.metals.JavaDocumentHighlightProvider.documentHighlight(JavaDocumentHighlightProvider.scala:22)
	at scala.meta.internal.metals.MetalsLspService.$anonfun$documentHighlights$1(MetalsLspService.scala:981)
	at scala.meta.internal.metals.CancelTokens$.$anonfun$apply$2(CancelTokens.scala:26)
	at scala.concurrent.Future$.$anonfun$apply$1(Future.scala:687)
	at scala.concurrent.impl.Promise$Transformation.run(Promise.scala:467)
	... 3 more

2025.05.28 20:39:00 INFO  no build target found for C:\Users\Usuario\OneDrive\Documentos\CURSOS SEXTO CICLO\Curso integrador sistemas I - software\proyecto-pa\panaderialosandes\src\main\java\com\proyecto\panaderialosandes\controllers\HomeController.java. Using fallback presentation compiler.
2025.05.28 20:39:01 INFO  no build target found for C:\Users\Usuario\OneDrive\Documentos\CURSOS SEXTO CICLO\Curso integrador sistemas I - software\proyecto-pa\panaderialosandes\src\main\java\com\proyecto\panaderialosandes\controllers\HomeController.java. Using fallback presentation compiler.
2025.05.28 20:39:00 INFO  no build target found for C:\Users\Usuario\OneDrive\Documentos\CURSOS SEXTO CICLO\Curso integrador sistemas I - software\proyecto-pa\panaderialosandes\src\main\java\com\proyecto\panaderialosandes\controllers\HomeController.java. Using fallback presentation compiler.
2025.05.28 20:39:02 INFO  no build target found for C:\Users\Usuario\OneDrive\Documentos\CURSOS SEXTO CICLO\Curso integrador sistemas I - software\proyecto-pa\panaderialosandes\src\main\java\com\proyecto\panaderialosandes\controllers\HomeController.java. Using fallback presentation compiler.
2025.05.28 20:39:02 INFO  no build target found for C:\Users\Usuario\OneDrive\Documentos\CURSOS SEXTO CICLO\Curso integrador sistemas I - software\proyecto-pa\panaderialosandes\src\main\java\com\proyecto\panaderialosandes\controllers\HomeController.java. Using fallback presentation compiler.
2025.05.28 20:39:02 INFO  no build target found for C:\Users\Usuario\OneDrive\Documentos\CURSOS SEXTO CICLO\Curso integrador sistemas I - software\proyecto-pa\panaderialosandes\src\main\java\com\proyecto\panaderialosandes\controllers\HomeController.java. Using fallback presentation compiler.
2025.05.28 20:39:02 INFO  no build target found for C:\Users\Usuario\OneDrive\Documentos\CURSOS SEXTO CICLO\Curso integrador sistemas I - software\proyecto-pa\panaderialosandes\src\main\java\com\proyecto\panaderialosandes\controllers\HomeController.java. Using fallback presentation compiler.
2025.05.28 20:39:02 INFO  no build target found for C:\Users\Usuario\OneDrive\Documentos\CURSOS SEXTO CICLO\Curso integrador sistemas I - software\proyecto-pa\panaderialosandes\src\main\java\com\proyecto\panaderialosandes\controllers\HomeController.java. Using fallback presentation compiler.
2025.05.28 20:39:02 INFO  no build target found for C:\Users\Usuario\OneDrive\Documentos\CURSOS SEXTO CICLO\Curso integrador sistemas I - software\proyecto-pa\panaderialosandes\src\main\java\com\proyecto\panaderialosandes\controllers\HomeController.java. Using fallback presentation compiler.
2025.05.28 20:39:02 INFO  no build target found for C:\Users\Usuario\OneDrive\Documentos\CURSOS SEXTO CICLO\Curso integrador sistemas I - software\proyecto-pa\panaderialosandes\src\main\java\com\proyecto\panaderialosandes\controllers\HomeController.java. Using fallback presentation compiler.
2025.05.28 20:39:02 INFO  no build target found for C:\Users\Usuario\OneDrive\Documentos\CURSOS SEXTO CICLO\Curso integrador sistemas I - software\proyecto-pa\panaderialosandes\src\main\java\com\proyecto\panaderialosandes\controllers\HomeController.java. Using fallback presentation compiler.
2025.05.28 20:39:03 INFO  no build target found for C:\Users\Usuario\OneDrive\Documentos\CURSOS SEXTO CICLO\Curso integrador sistemas I - software\proyecto-pa\panaderialosandes\src\main\java\com\proyecto\panaderialosandes\controllers\HomeController.java. Using fallback presentation compiler.
2025.05.28 20:39:03 INFO  no build target found for C:\Users\Usuario\OneDrive\Documentos\CURSOS SEXTO CICLO\Curso integrador sistemas I - software\proyecto-pa\panaderialosandes\src\main\java\com\proyecto\panaderialosandes\controllers\HomeController.java. Using fallback presentation compiler.
2025.05.28 20:39:03 WARN  Running javac-semanticdb failed for file:///C:/Users/Usuario/OneDrive/Documentos/CURSOS%20SEXTO%20CICLO/Curso%20integrador%20sistemas%20I%20-%20software/proyecto-pa/panaderialosandes/src/main/java/com/proyecto/panaderialosandes/controllers/HomeController.java. Output:

may. 28, 2025 8:39:04 P. M. org.eclipse.lsp4j.jsonrpc.RemoteEndpoint fallbackResponseError
GRAVE: Internal error: Index -1 out of bounds for length 10
java.lang.ArrayIndexOutOfBoundsException: Index -1 out of bounds for length 10
	at com.thoughtworks.qdox.parser.impl.JFlexLexer.popState(JFlexLexer.java:1766)
	at com.thoughtworks.qdox.parser.impl.JFlexLexer.yylex(JFlexLexer.java:2403)
	at com.thoughtworks.qdox.parser.impl.JFlexLexer.lex(JFlexLexer.java:1749)
	at com.thoughtworks.qdox.parser.impl.Parser.yylex(Parser.java:2011)
	at com.thoughtworks.qdox.parser.impl.Parser.yyparse(Parser.java:3507)
	at com.thoughtworks.qdox.parser.impl.Parser.parse(Parser.java:2006)
	at com.thoughtworks.qdox.library.SourceLibrary.parse(SourceLibrary.java:232)
	at com.thoughtworks.qdox.library.SourceLibrary.parse(SourceLibrary.java:190)
	at com.thoughtworks.qdox.library.SourceLibrary.addSource(SourceLibrary.java:94)
	at com.thoughtworks.qdox.library.SourceLibrary.addSource(SourceLibrary.java:89)
	at com.thoughtworks.qdox.library.SortedClassLibraryBuilder.addSource(SortedClassLibraryBuilder.java:162)
	at com.thoughtworks.qdox.JavaProjectBuilder.addSource(JavaProjectBuilder.java:174)
	at scala.meta.internal.mtags.JavaMtags.indexRoot(JavaMtags.scala:49)
	at scala.meta.internal.mtags.MtagsIndexer.index(MtagsIndexer.scala:21)
	at scala.meta.internal.mtags.MtagsIndexer.index$(MtagsIndexer.scala:20)
	at scala.meta.internal.mtags.JavaMtags.index(JavaMtags.scala:39)
	at scala.meta.internal.mtags.Mtags$.allToplevels(Mtags.scala:150)
	at scala.meta.internal.metals.DefinitionProvider.fromMtags(DefinitionProvider.scala:359)
	at scala.meta.internal.metals.DefinitionProvider.$anonfun$positionOccurrence$4(DefinitionProvider.scala:278)
	at scala.Option.orElse(Option.scala:477)
	at scala.meta.internal.metals.DefinitionProvider.$anonfun$positionOccurrence$1(DefinitionProvider.scala:278)
	at scala.Option.flatMap(Option.scala:283)
	at scala.meta.internal.metals.DefinitionProvider.positionOccurrence(DefinitionProvider.scala:270)
	at scala.meta.internal.metals.MetalsLspService.$anonfun$definitionOrReferences$1(MetalsLspService.scala:1580)
	at scala.Option.map(Option.scala:242)
	at scala.meta.internal.metals.MetalsLspService.definitionOrReferences(MetalsLspService.scala:1576)
	at scala.meta.internal.metals.MetalsLspService.$anonfun$definition$1(MetalsLspService.scala:927)
	at scala.meta.internal.metals.CancelTokens$.future(CancelTokens.scala:38)
	at scala.meta.internal.metals.MetalsLspService.definition(MetalsLspService.scala:926)
	at scala.meta.internal.metals.WorkspaceLspService.definition(WorkspaceLspService.scala:492)
	at scala.meta.metals.lsp.DelegatingScalaService.definition(DelegatingScalaService.scala:65)
	at java.base/jdk.internal.reflect.NativeMethodAccessorImpl.invoke0(Native Method)
	at java.base/jdk.internal.reflect.NativeMethodAccessorImpl.invoke(NativeMethodAccessorImpl.java:77)
	at java.base/jdk.internal.reflect.DelegatingMethodAccessorImpl.invoke(DelegatingMethodAccessorImpl.java:43)
	at java.base/java.lang.reflect.Method.invoke(Method.java:569)
	at org.eclipse.lsp4j.jsonrpc.services.GenericEndpoint.lambda$recursiveFindRpcMethods$0(GenericEndpoint.java:65)
	at org.eclipse.lsp4j.jsonrpc.services.GenericEndpoint.request(GenericEndpoint.java:128)
	at org.eclipse.lsp4j.jsonrpc.RemoteEndpoint.handleRequest(RemoteEndpoint.java:271)
	at org.eclipse.lsp4j.jsonrpc.RemoteEndpoint.consume(RemoteEndpoint.java:201)
	at org.eclipse.lsp4j.jsonrpc.json.StreamMessageProducer.handleMessage(StreamMessageProducer.java:185)
	at org.eclipse.lsp4j.jsonrpc.json.StreamMessageProducer.listen(StreamMessageProducer.java:97)
	at org.eclipse.lsp4j.jsonrpc.json.ConcurrentMessageProcessor.run(ConcurrentMessageProcessor.java:114)
	at java.base/java.util.concurrent.Executors$RunnableAdapter.call(Executors.java:539)
	at java.base/java.util.concurrent.FutureTask.run(FutureTask.java:264)
	at java.base/java.util.concurrent.ThreadPoolExecutor.runWorker(ThreadPoolExecutor.java:1136)
	at java.base/java.util.concurrent.ThreadPoolExecutor$Worker.run(ThreadPoolExecutor.java:635)
	at java.base/java.lang.Thread.run(Thread.java:840)

2025.05.28 20:39:04 WARN  no build target for: C:\Users\Usuario\OneDrive\Documentos\CURSOS SEXTO CICLO\Curso integrador sistemas I - software\proyecto-pa\panaderialosandes\src\main\java\com\proyecto\panaderialosandes\controllers\HomeController.java
2025.05.28 20:39:04 INFO  no build target found for C:\Users\Usuario\OneDrive\Documentos\CURSOS SEXTO CICLO\Curso integrador sistemas I - software\proyecto-pa\panaderialosandes\src\main\java\com\proyecto\panaderialosandes\controllers\HomeController.java. Using fallback presentation compiler.
may. 28, 2025 8:39:04 P. M. org.eclipse.lsp4j.jsonrpc.RemoteEndpoint fallbackResponseError
GRAVE: Internal error: Index -1 out of bounds for length 10
java.lang.ArrayIndexOutOfBoundsException: Index -1 out of bounds for length 10
	at com.thoughtworks.qdox.parser.impl.JFlexLexer.popState(JFlexLexer.java:1766)
	at com.thoughtworks.qdox.parser.impl.JFlexLexer.yylex(JFlexLexer.java:2403)
	at com.thoughtworks.qdox.parser.impl.JFlexLexer.lex(JFlexLexer.java:1749)
	at com.thoughtworks.qdox.parser.impl.Parser.yylex(Parser.java:2011)
	at com.thoughtworks.qdox.parser.impl.Parser.yyparse(Parser.java:3507)
	at com.thoughtworks.qdox.parser.impl.Parser.parse(Parser.java:2006)
	at com.thoughtworks.qdox.library.SourceLibrary.parse(SourceLibrary.java:232)
	at com.thoughtworks.qdox.library.SourceLibrary.parse(SourceLibrary.java:190)
	at com.thoughtworks.qdox.library.SourceLibrary.addSource(SourceLibrary.java:94)
	at com.thoughtworks.qdox.library.SourceLibrary.addSource(SourceLibrary.java:89)
	at com.thoughtworks.qdox.library.SortedClassLibraryBuilder.addSource(SortedClassLibraryBuilder.java:162)
	at com.thoughtworks.qdox.JavaProjectBuilder.addSource(JavaProjectBuilder.java:174)
	at scala.meta.internal.mtags.JavaMtags.indexRoot(JavaMtags.scala:49)
	at scala.meta.internal.mtags.MtagsIndexer.index(MtagsIndexer.scala:21)
	at scala.meta.internal.mtags.MtagsIndexer.index$(MtagsIndexer.scala:20)
	at scala.meta.internal.mtags.JavaMtags.index(JavaMtags.scala:39)
	at scala.meta.internal.mtags.Mtags$.allToplevels(Mtags.scala:150)
	at scala.meta.internal.metals.DefinitionProvider.fromMtags(DefinitionProvider.scala:359)
	at scala.meta.internal.metals.DefinitionProvider.$anonfun$positionOccurrence$4(DefinitionProvider.scala:278)
	at scala.Option.orElse(Option.scala:477)
	at scala.meta.internal.metals.DefinitionProvider.$anonfun$positionOccurrence$1(DefinitionProvider.scala:278)
	at scala.Option.flatMap(Option.scala:283)
	at scala.meta.internal.metals.DefinitionProvider.positionOccurrence(DefinitionProvider.scala:270)
	at scala.meta.internal.metals.MetalsLspService.$anonfun$definitionOrReferences$1(MetalsLspService.scala:1580)
	at scala.Option.map(Option.scala:242)
	at scala.meta.internal.metals.MetalsLspService.definitionOrReferences(MetalsLspService.scala:1576)
	at scala.meta.internal.metals.MetalsLspService.$anonfun$definition$1(MetalsLspService.scala:927)
	at scala.meta.internal.metals.CancelTokens$.future(CancelTokens.scala:38)
	at scala.meta.internal.metals.MetalsLspService.definition(MetalsLspService.scala:926)
	at scala.meta.internal.metals.WorkspaceLspService.definition(WorkspaceLspService.scala:492)
	at scala.meta.metals.lsp.DelegatingScalaService.definition(DelegatingScalaService.scala:65)
	at java.base/jdk.internal.reflect.NativeMethodAccessorImpl.invoke0(Native Method)
	at java.base/jdk.internal.reflect.NativeMethodAccessorImpl.invoke(NativeMethodAccessorImpl.java:77)
	at java.base/jdk.internal.reflect.DelegatingMethodAccessorImpl.invoke(DelegatingMethodAccessorImpl.java:43)
	at java.base/java.lang.reflect.Method.invoke(Method.java:569)
	at org.eclipse.lsp4j.jsonrpc.services.GenericEndpoint.lambda$recursiveFindRpcMethods$0(GenericEndpoint.java:65)
	at org.eclipse.lsp4j.jsonrpc.services.GenericEndpoint.request(GenericEndpoint.java:128)
	at org.eclipse.lsp4j.jsonrpc.RemoteEndpoint.handleRequest(RemoteEndpoint.java:271)
	at org.eclipse.lsp4j.jsonrpc.RemoteEndpoint.consume(RemoteEndpoint.java:201)
	at org.eclipse.lsp4j.jsonrpc.json.StreamMessageProducer.handleMessage(StreamMessageProducer.java:185)
	at org.eclipse.lsp4j.jsonrpc.json.StreamMessageProducer.listen(StreamMessageProducer.java:97)
	at org.eclipse.lsp4j.jsonrpc.json.ConcurrentMessageProcessor.run(ConcurrentMessageProcessor.java:114)
	at java.base/java.util.concurrent.Executors$RunnableAdapter.call(Executors.java:539)
	at java.base/java.util.concurrent.FutureTask.run(FutureTask.java:264)
	at java.base/java.util.concurrent.ThreadPoolExecutor.runWorker(ThreadPoolExecutor.java:1136)
	at java.base/java.util.concurrent.ThreadPoolExecutor$Worker.run(ThreadPoolExecutor.java:635)
	at java.base/java.lang.Thread.run(Thread.java:840)

2025.05.28 20:39:04 WARN  no build target for: C:\Users\Usuario\OneDrive\Documentos\CURSOS SEXTO CICLO\Curso integrador sistemas I - software\proyecto-pa\panaderialosandes\src\main\java\com\proyecto\panaderialosandes\controllers\HomeController.java
2025.05.28 20:39:04 INFO  no build target found for C:\Users\Usuario\OneDrive\Documentos\CURSOS SEXTO CICLO\Curso integrador sistemas I - software\proyecto-pa\panaderialosandes\src\main\java\com\proyecto\panaderialosandes\controllers\HomeController.java. Using fallback presentation compiler.
may. 28, 2025 8:39:05 P. M. org.eclipse.lsp4j.jsonrpc.RemoteEndpoint fallbackResponseError
GRAVE: Internal error: java.lang.ArrayIndexOutOfBoundsException: Index -1 out of bounds for length 10
java.util.concurrent.CompletionException: java.lang.ArrayIndexOutOfBoundsException: Index -1 out of bounds for length 10
	at java.base/java.util.concurrent.CompletableFuture.encodeThrowable(CompletableFuture.java:332)
	at java.base/java.util.concurrent.CompletableFuture.completeThrowable(CompletableFuture.java:347)
	at java.base/java.util.concurrent.CompletableFuture$UniAccept.tryFire(CompletableFuture.java:708)
	at java.base/java.util.concurrent.CompletableFuture.postComplete(CompletableFuture.java:510)
	at java.base/java.util.concurrent.CompletableFuture.completeExceptionally(CompletableFuture.java:2162)
	at scala.meta.internal.metals.CancelTokens$.$anonfun$future$1(CancelTokens.scala:40)
	at scala.meta.internal.metals.CancelTokens$.$anonfun$future$1$adapted(CancelTokens.scala:38)
	at scala.concurrent.impl.Promise$Transformation.run(Promise.scala:484)
	at java.base/java.util.concurrent.ThreadPoolExecutor.runWorker(ThreadPoolExecutor.java:1136)
	at java.base/java.util.concurrent.ThreadPoolExecutor$Worker.run(ThreadPoolExecutor.java:635)
	at java.base/java.lang.Thread.run(Thread.java:840)
Caused by: java.lang.ArrayIndexOutOfBoundsException: Index -1 out of bounds for length 10
	at com.thoughtworks.qdox.parser.impl.JFlexLexer.popState(JFlexLexer.java:1766)
	at com.thoughtworks.qdox.parser.impl.JFlexLexer.yylex(JFlexLexer.java:2403)
	at com.thoughtworks.qdox.parser.impl.JFlexLexer.lex(JFlexLexer.java:1749)
	at com.thoughtworks.qdox.parser.impl.Parser.yylex(Parser.java:2011)
	at com.thoughtworks.qdox.parser.impl.Parser.yyparse(Parser.java:3507)
	at com.thoughtworks.qdox.parser.impl.Parser.parse(Parser.java:2006)
	at com.thoughtworks.qdox.library.SourceLibrary.parse(SourceLibrary.java:232)
	at com.thoughtworks.qdox.library.SourceLibrary.parse(SourceLibrary.java:190)
	at com.thoughtworks.qdox.library.SourceLibrary.addSource(SourceLibrary.java:94)
	at com.thoughtworks.qdox.library.SourceLibrary.addSource(SourceLibrary.java:89)
	at com.thoughtworks.qdox.library.SortedClassLibraryBuilder.addSource(SortedClassLibraryBuilder.java:162)
	at com.thoughtworks.qdox.JavaProjectBuilder.addSource(JavaProjectBuilder.java:174)
	at scala.meta.internal.mtags.JavaMtags.indexRoot(JavaMtags.scala:49)
	at scala.meta.internal.mtags.MtagsIndexer.index(MtagsIndexer.scala:21)
	at scala.meta.internal.mtags.MtagsIndexer.index$(MtagsIndexer.scala:20)
	at scala.meta.internal.mtags.JavaMtags.index(JavaMtags.scala:39)
	at scala.meta.internal.mtags.Mtags$.allToplevels(Mtags.scala:150)
	at scala.meta.internal.metals.DefinitionProvider.fromMtags(DefinitionProvider.scala:359)
	at scala.meta.internal.metals.DefinitionProvider.$anonfun$positionOccurrence$4(DefinitionProvider.scala:278)
	at scala.Option.orElse(Option.scala:477)
	at scala.meta.internal.metals.DefinitionProvider.$anonfun$positionOccurrence$1(DefinitionProvider.scala:278)
	at scala.Option.flatMap(Option.scala:283)
	at scala.meta.internal.metals.DefinitionProvider.positionOccurrence(DefinitionProvider.scala:270)
	at scala.meta.internal.metals.JavaDocumentHighlightProvider.$anonfun$documentHighlight$1(JavaDocumentHighlightProvider.scala:26)
	at scala.collection.immutable.List.map(List.scala:247)
	at scala.meta.internal.metals.JavaDocumentHighlightProvider.documentHighlight(JavaDocumentHighlightProvider.scala:22)
	at scala.meta.internal.metals.MetalsLspService.$anonfun$documentHighlights$1(MetalsLspService.scala:981)
	at scala.meta.internal.metals.CancelTokens$.$anonfun$apply$2(CancelTokens.scala:26)
	at scala.concurrent.Future$.$anonfun$apply$1(Future.scala:687)
	at scala.concurrent.impl.Promise$Transformation.run(Promise.scala:467)
	... 3 more

2025.05.28 20:39:06 INFO  no build target found for C:\Users\Usuario\OneDrive\Documentos\CURSOS SEXTO CICLO\Curso integrador sistemas I - software\proyecto-pa\panaderialosandes\src\main\java\com\proyecto\panaderialosandes\controllers\HomeController.java. Using fallback presentation compiler.
may. 28, 2025 8:39:06 P. M. org.eclipse.lsp4j.jsonrpc.RemoteEndpoint fallbackResponseError
GRAVE: Internal error: java.lang.ArrayIndexOutOfBoundsException: Index -1 out of bounds for length 10
java.util.concurrent.CompletionException: java.lang.ArrayIndexOutOfBoundsException: Index -1 out of bounds for length 10
	at java.base/java.util.concurrent.CompletableFuture.encodeThrowable(CompletableFuture.java:332)
	at java.base/java.util.concurrent.CompletableFuture.completeThrowable(CompletableFuture.java:347)
	at java.base/java.util.concurrent.CompletableFuture$UniAccept.tryFire(CompletableFuture.java:708)
	at java.base/java.util.concurrent.CompletableFuture.postComplete(CompletableFuture.java:510)
	at java.base/java.util.concurrent.CompletableFuture.completeExceptionally(CompletableFuture.java:2162)
	at scala.meta.internal.metals.CancelTokens$.$anonfun$future$1(CancelTokens.scala:40)
	at scala.meta.internal.metals.CancelTokens$.$anonfun$future$1$adapted(CancelTokens.scala:38)
	at scala.concurrent.impl.Promise$Transformation.run(Promise.scala:484)
	at java.base/java.util.concurrent.ThreadPoolExecutor.runWorker(ThreadPoolExecutor.java:1136)
	at java.base/java.util.concurrent.ThreadPoolExecutor$Worker.run(ThreadPoolExecutor.java:635)
	at java.base/java.lang.Thread.run(Thread.java:840)
Caused by: java.lang.ArrayIndexOutOfBoundsException: Index -1 out of bounds for length 10
	at com.thoughtworks.qdox.parser.impl.JFlexLexer.popState(JFlexLexer.java:1766)
	at com.thoughtworks.qdox.parser.impl.JFlexLexer.yylex(JFlexLexer.java:2403)
	at com.thoughtworks.qdox.parser.impl.JFlexLexer.lex(JFlexLexer.java:1749)
	at com.thoughtworks.qdox.parser.impl.Parser.yylex(Parser.java:2011)
	at com.thoughtworks.qdox.parser.impl.Parser.yyparse(Parser.java:3507)
	at com.thoughtworks.qdox.parser.impl.Parser.parse(Parser.java:2006)
	at com.thoughtworks.qdox.library.SourceLibrary.parse(SourceLibrary.java:232)
	at com.thoughtworks.qdox.library.SourceLibrary.parse(SourceLibrary.java:190)
	at com.thoughtworks.qdox.library.SourceLibrary.addSource(SourceLibrary.java:94)
	at com.thoughtworks.qdox.library.SourceLibrary.addSource(SourceLibrary.java:89)
	at com.thoughtworks.qdox.library.SortedClassLibraryBuilder.addSource(SortedClassLibraryBuilder.java:162)
	at com.thoughtworks.qdox.JavaProjectBuilder.addSource(JavaProjectBuilder.java:174)
	at scala.meta.internal.mtags.JavaMtags.indexRoot(JavaMtags.scala:49)
	at scala.meta.internal.mtags.MtagsIndexer.index(MtagsIndexer.scala:21)
	at scala.meta.internal.mtags.MtagsIndexer.index$(MtagsIndexer.scala:20)
	at scala.meta.internal.mtags.JavaMtags.index(JavaMtags.scala:39)
	at scala.meta.internal.mtags.Mtags$.allToplevels(Mtags.scala:150)
	at scala.meta.internal.metals.DefinitionProvider.fromMtags(DefinitionProvider.scala:359)
	at scala.meta.internal.metals.DefinitionProvider.$anonfun$positionOccurrence$4(DefinitionProvider.scala:278)
	at scala.Option.orElse(Option.scala:477)
	at scala.meta.internal.metals.DefinitionProvider.$anonfun$positionOccurrence$1(DefinitionProvider.scala:278)
	at scala.Option.flatMap(Option.scala:283)
	at scala.meta.internal.metals.DefinitionProvider.positionOccurrence(DefinitionProvider.scala:270)
	at scala.meta.internal.metals.JavaDocumentHighlightProvider.$anonfun$documentHighlight$1(JavaDocumentHighlightProvider.scala:26)
	at scala.collection.immutable.List.map(List.scala:247)
	at scala.meta.internal.metals.JavaDocumentHighlightProvider.documentHighlight(JavaDocumentHighlightProvider.scala:22)
	at scala.meta.internal.metals.MetalsLspService.$anonfun$documentHighlights$1(MetalsLspService.scala:981)
	at scala.meta.internal.metals.CancelTokens$.$anonfun$apply$2(CancelTokens.scala:26)
	at scala.concurrent.Future$.$anonfun$apply$1(Future.scala:687)
	at scala.concurrent.impl.Promise$Transformation.run(Promise.scala:467)
	... 3 more

2025.05.28 20:39:06 INFO  no build target found for C:\Users\Usuario\OneDrive\Documentos\CURSOS SEXTO CICLO\Curso integrador sistemas I - software\proyecto-pa\panaderialosandes\src\main\java\com\proyecto\panaderialosandes\controllers\HomeController.java. Using fallback presentation compiler.
2025.05.28 20:39:07 INFO  no build target found for C:\Users\Usuario\OneDrive\Documentos\CURSOS SEXTO CICLO\Curso integrador sistemas I - software\proyecto-pa\panaderialosandes\src\main\java\com\proyecto\panaderialosandes\controllers\HomeController.java. Using fallback presentation compiler.
2025.05.28 20:39:07 WARN  no build target for: C:\Users\Usuario\OneDrive\Documentos\CURSOS SEXTO CICLO\Curso integrador sistemas I - software\proyecto-pa\panaderialosandes\src\main\java\com\proyecto\panaderialosandes\controllers\HomeController.java
2025.05.28 20:39:07 INFO  no build target found for C:\Users\Usuario\OneDrive\Documentos\CURSOS SEXTO CICLO\Curso integrador sistemas I - software\proyecto-pa\panaderialosandes\src\main\java\com\proyecto\panaderialosandes\controllers\HomeController.java. Using fallback presentation compiler.
2025.05.28 20:39:07 WARN  Running javac-semanticdb failed for file:///C:/Users/Usuario/OneDrive/Documentos/CURSOS%20SEXTO%20CICLO/Curso%20integrador%20sistemas%20I%20-%20software/proyecto-pa/panaderialosandes/src/main/java/com/proyecto/panaderialosandes/controllers/HomeController.java. Output:

may. 28, 2025 8:39:07 P. M. org.eclipse.lsp4j.jsonrpc.RemoteEndpoint fallbackResponseError
GRAVE: Internal error: Index -1 out of bounds for length 10
java.lang.ArrayIndexOutOfBoundsException: Index -1 out of bounds for length 10
	at com.thoughtworks.qdox.parser.impl.JFlexLexer.popState(JFlexLexer.java:1766)
	at com.thoughtworks.qdox.parser.impl.JFlexLexer.yylex(JFlexLexer.java:2403)
	at com.thoughtworks.qdox.parser.impl.JFlexLexer.lex(JFlexLexer.java:1749)
	at com.thoughtworks.qdox.parser.impl.Parser.yylex(Parser.java:2011)
	at com.thoughtworks.qdox.parser.impl.Parser.yyparse(Parser.java:3507)
	at com.thoughtworks.qdox.parser.impl.Parser.parse(Parser.java:2006)
	at com.thoughtworks.qdox.library.SourceLibrary.parse(SourceLibrary.java:232)
	at com.thoughtworks.qdox.library.SourceLibrary.parse(SourceLibrary.java:190)
	at com.thoughtworks.qdox.library.SourceLibrary.addSource(SourceLibrary.java:94)
	at com.thoughtworks.qdox.library.SourceLibrary.addSource(SourceLibrary.java:89)
	at com.thoughtworks.qdox.library.SortedClassLibraryBuilder.addSource(SortedClassLibraryBuilder.java:162)
	at com.thoughtworks.qdox.JavaProjectBuilder.addSource(JavaProjectBuilder.java:174)
	at scala.meta.internal.mtags.JavaMtags.indexRoot(JavaMtags.scala:49)
	at scala.meta.internal.mtags.MtagsIndexer.index(MtagsIndexer.scala:21)
	at scala.meta.internal.mtags.MtagsIndexer.index$(MtagsIndexer.scala:20)
	at scala.meta.internal.mtags.JavaMtags.index(JavaMtags.scala:39)
	at scala.meta.internal.mtags.Mtags$.allToplevels(Mtags.scala:150)
	at scala.meta.internal.metals.DefinitionProvider.fromMtags(DefinitionProvider.scala:359)
	at scala.meta.internal.metals.DefinitionProvider.$anonfun$positionOccurrence$4(DefinitionProvider.scala:278)
	at scala.Option.orElse(Option.scala:477)
	at scala.meta.internal.metals.DefinitionProvider.$anonfun$positionOccurrence$1(DefinitionProvider.scala:278)
	at scala.Option.flatMap(Option.scala:283)
	at scala.meta.internal.metals.DefinitionProvider.positionOccurrence(DefinitionProvider.scala:270)
	at scala.meta.internal.metals.MetalsLspService.$anonfun$definitionOrReferences$1(MetalsLspService.scala:1580)
	at scala.Option.map(Option.scala:242)
	at scala.meta.internal.metals.MetalsLspService.definitionOrReferences(MetalsLspService.scala:1576)
	at scala.meta.internal.metals.MetalsLspService.$anonfun$definition$1(MetalsLspService.scala:927)
	at scala.meta.internal.metals.CancelTokens$.future(CancelTokens.scala:38)
	at scala.meta.internal.metals.MetalsLspService.definition(MetalsLspService.scala:926)
	at scala.meta.internal.metals.WorkspaceLspService.definition(WorkspaceLspService.scala:492)
	at scala.meta.metals.lsp.DelegatingScalaService.definition(DelegatingScalaService.scala:65)
	at java.base/jdk.internal.reflect.NativeMethodAccessorImpl.invoke0(Native Method)
	at java.base/jdk.internal.reflect.NativeMethodAccessorImpl.invoke(NativeMethodAccessorImpl.java:77)
	at java.base/jdk.internal.reflect.DelegatingMethodAccessorImpl.invoke(DelegatingMethodAccessorImpl.java:43)
	at java.base/java.lang.reflect.Method.invoke(Method.java:569)
	at org.eclipse.lsp4j.jsonrpc.services.GenericEndpoint.lambda$recursiveFindRpcMethods$0(GenericEndpoint.java:65)
	at org.eclipse.lsp4j.jsonrpc.services.GenericEndpoint.request(GenericEndpoint.java:128)
	at org.eclipse.lsp4j.jsonrpc.RemoteEndpoint.handleRequest(RemoteEndpoint.java:271)
	at org.eclipse.lsp4j.jsonrpc.RemoteEndpoint.consume(RemoteEndpoint.java:201)
	at org.eclipse.lsp4j.jsonrpc.json.StreamMessageProducer.handleMessage(StreamMessageProducer.java:185)
	at org.eclipse.lsp4j.jsonrpc.json.StreamMessageProducer.listen(StreamMessageProducer.java:97)
	at org.eclipse.lsp4j.jsonrpc.json.ConcurrentMessageProcessor.run(ConcurrentMessageProcessor.java:114)
	at java.base/java.util.concurrent.Executors$RunnableAdapter.call(Executors.java:539)
	at java.base/java.util.concurrent.FutureTask.run(FutureTask.java:264)
	at java.base/java.util.concurrent.ThreadPoolExecutor.runWorker(ThreadPoolExecutor.java:1136)
	at java.base/java.util.concurrent.ThreadPoolExecutor$Worker.run(ThreadPoolExecutor.java:635)
	at java.base/java.lang.Thread.run(Thread.java:840)

2025.05.28 20:39:43 WARN  no build target for: C:\Users\Usuario\OneDrive\Documentos\CURSOS SEXTO CICLO\Curso integrador sistemas I - software\proyecto-pa\panaderialosandes\src\main\java\com\proyecto\panaderialosandes\controllers\HomeController.java
2025.05.28 20:39:43 INFO  no build target found for C:\Users\Usuario\OneDrive\Documentos\CURSOS SEXTO CICLO\Curso integrador sistemas I - software\proyecto-pa\panaderialosandes\src\main\java\com\proyecto\panaderialosandes\controllers\HomeController.java. Using fallback presentation compiler.
2025.05.28 20:39:46 INFO  no build target found for C:\Users\Usuario\OneDrive\Documentos\CURSOS SEXTO CICLO\Curso integrador sistemas I - software\proyecto-pa\panaderialosandes\src\main\java\com\proyecto\panaderialosandes\controllers\HomeController.java. Using fallback presentation compiler.
2025.05.28 20:39:46 INFO  no build target found for C:\Users\Usuario\OneDrive\Documentos\CURSOS SEXTO CICLO\Curso integrador sistemas I - software\proyecto-pa\panaderialosandes\src\main\java\com\proyecto\panaderialosandes\controllers\HomeController.java. Using fallback presentation compiler.
2025.05.28 20:39:47 WARN  no build target for: C:\Users\Usuario\OneDrive\Documentos\CURSOS SEXTO CICLO\Curso integrador sistemas I - software\proyecto-pa\panaderialosandes\src\main\java\com\proyecto\panaderialosandes\controllers\HomeController.java
2025.05.28 20:39:46 INFO  no build target found for C:\Users\Usuario\OneDrive\Documentos\CURSOS SEXTO CICLO\Curso integrador sistemas I - software\proyecto-pa\panaderialosandes\src\main\java\com\proyecto\panaderialosandes\controllers\HomeController.java. Using fallback presentation compiler.
2025.05.28 20:39:47 WARN  Running javac-semanticdb failed for file:///C:/Users/Usuario/OneDrive/Documentos/CURSOS%20SEXTO%20CICLO/Curso%20integrador%20sistemas%20I%20-%20software/proyecto-pa/panaderialosandes/src/main/java/com/proyecto/panaderialosandes/controllers/HomeController.java. Output:

2025.05.28 20:39:47 WARN  no build target for: C:\Users\Usuario\OneDrive\Documentos\CURSOS SEXTO CICLO\Curso integrador sistemas I - software\proyecto-pa\panaderialosandes\src\main\java\com\proyecto\panaderialosandes\controllers\HomeController.java
2025.05.28 20:39:47 INFO  no build target found for C:\Users\Usuario\OneDrive\Documentos\CURSOS SEXTO CICLO\Curso integrador sistemas I - software\proyecto-pa\panaderialosandes\src\main\java\com\proyecto\panaderialosandes\controllers\HomeController.java. Using fallback presentation compiler.
2025.05.28 20:39:50 INFO  no build target found for C:\Users\Usuario\OneDrive\Documentos\CURSOS SEXTO CICLO\Curso integrador sistemas I - software\proyecto-pa\panaderialosandes\src\main\java\com\proyecto\panaderialosandes\controllers\HomeController.java. Using fallback presentation compiler.
2025.05.28 20:39:50 INFO  no build target found for C:\Users\Usuario\OneDrive\Documentos\CURSOS SEXTO CICLO\Curso integrador sistemas I - software\proyecto-pa\panaderialosandes\src\main\java\com\proyecto\panaderialosandes\controllers\HomeController.java. Using fallback presentation compiler.
2025.05.28 20:39:50 WARN  Running javac-semanticdb failed for file:///C:/Users/Usuario/OneDrive/Documentos/CURSOS%20SEXTO%20CICLO/Curso%20integrador%20sistemas%20I%20-%20software/proyecto-pa/panaderialosandes/src/main/java/com/proyecto/panaderialosandes/controllers/HomeController.java. Output:

2025.05.28 20:39:51 WARN  no build target for: C:\Users\Usuario\OneDrive\Documentos\CURSOS SEXTO CICLO\Curso integrador sistemas I - software\proyecto-pa\panaderialosandes\src\main\java\com\proyecto\panaderialosandes\controllers\HomeController.java
2025.05.28 20:39:50 INFO  no build target found for C:\Users\Usuario\OneDrive\Documentos\CURSOS SEXTO CICLO\Curso integrador sistemas I - software\proyecto-pa\panaderialosandes\src\main\java\com\proyecto\panaderialosandes\controllers\HomeController.java. Using fallback presentation compiler.
2025.05.28 20:40:47 WARN  no build target for: C:\Users\Usuario\OneDrive\Documentos\CURSOS SEXTO CICLO\Curso integrador sistemas I - software\proyecto-pa\panaderialosandes\src\main\java\com\proyecto\panaderialosandes\controllers\HomeController.java
2025.05.28 20:40:47 INFO  no build target found for C:\Users\Usuario\OneDrive\Documentos\CURSOS SEXTO CICLO\Curso integrador sistemas I - software\proyecto-pa\panaderialosandes\src\main\java\com\proyecto\panaderialosandes\controllers\HomeController.java. Using fallback presentation compiler.
2025.05.28 21:08:56 WARN  no build target for: C:\Users\Usuario\OneDrive\Documentos\CURSOS SEXTO CICLO\Curso integrador sistemas I - software\proyecto-pa\panaderialosandes\src\main\java\com\proyecto\panaderialosandes\controllers\UsuarioController.java
2025.05.28 21:08:56 INFO  no build target found for C:\Users\Usuario\OneDrive\Documentos\CURSOS SEXTO CICLO\Curso integrador sistemas I - software\proyecto-pa\panaderialosandes\src\main\java\com\proyecto\panaderialosandes\controllers\UsuarioController.java. Using fallback presentation compiler.
2025.05.28 21:08:59 INFO  no build target found for C:\Users\Usuario\OneDrive\Documentos\CURSOS SEXTO CICLO\Curso integrador sistemas I - software\proyecto-pa\panaderialosandes\src\main\java\com\proyecto\panaderialosandes\controllers\UsuarioController.java. Using fallback presentation compiler.
2025.05.28 21:09:00 WARN  Running javac-semanticdb failed for file:///C:/Users/Usuario/OneDrive/Documentos/CURSOS%20SEXTO%20CICLO/Curso%20integrador%20sistemas%20I%20-%20software/proyecto-pa/panaderialosandes/src/main/java/com/proyecto/panaderialosandes/controllers/UsuarioController.java. Output:

2025.05.28 21:08:59 INFO  no build target found for C:\Users\Usuario\OneDrive\Documentos\CURSOS SEXTO CICLO\Curso integrador sistemas I - software\proyecto-pa\panaderialosandes\src\main\java\com\proyecto\panaderialosandes\controllers\UsuarioController.java. Using fallback presentation compiler.
2025.05.28 21:09:03 INFO  no build target found for C:\Users\Usuario\OneDrive\Documentos\CURSOS SEXTO CICLO\Curso integrador sistemas I - software\proyecto-pa\panaderialosandes\src\main\java\com\proyecto\panaderialosandes\controllers\UsuarioController.java. Using fallback presentation compiler.
2025.05.28 21:09:03 INFO  no build target found for C:\Users\Usuario\OneDrive\Documentos\CURSOS SEXTO CICLO\Curso integrador sistemas I - software\proyecto-pa\panaderialosandes\src\main\java\com\proyecto\panaderialosandes\controllers\UsuarioController.java. Using fallback presentation compiler.
2025.05.28 21:09:04 WARN  no build target for: C:\Users\Usuario\OneDrive\Documentos\CURSOS SEXTO CICLO\Curso integrador sistemas I - software\proyecto-pa\panaderialosandes\src\main\java\com\proyecto\panaderialosandes\controllers\UsuarioController.java
2025.05.28 21:09:04 INFO  no build target found for C:\Users\Usuario\OneDrive\Documentos\CURSOS SEXTO CICLO\Curso integrador sistemas I - software\proyecto-pa\panaderialosandes\src\main\java\com\proyecto\panaderialosandes\controllers\UsuarioController.java. Using fallback presentation compiler.
2025.05.28 21:09:03 WARN  Running javac-semanticdb failed for file:///C:/Users/Usuario/OneDrive/Documentos/CURSOS%20SEXTO%20CICLO/Curso%20integrador%20sistemas%20I%20-%20software/proyecto-pa/panaderialosandes/src/main/java/com/proyecto/panaderialosandes/controllers/UsuarioController.java. Output:

2025.05.28 21:09:04 INFO  no build target found for C:\Users\Usuario\OneDrive\Documentos\CURSOS SEXTO CICLO\Curso integrador sistemas I - software\proyecto-pa\panaderialosandes\src\main\java\com\proyecto\panaderialosandes\controllers\UsuarioController.java. Using fallback presentation compiler.
2025.05.28 21:09:04 INFO  no build target found for C:\Users\Usuario\OneDrive\Documentos\CURSOS SEXTO CICLO\Curso integrador sistemas I - software\proyecto-pa\panaderialosandes\src\main\java\com\proyecto\panaderialosandes\controllers\UsuarioController.java. Using fallback presentation compiler.
2025.05.28 21:09:05 INFO  no build target found for C:\Users\Usuario\OneDrive\Documentos\CURSOS SEXTO CICLO\Curso integrador sistemas I - software\proyecto-pa\panaderialosandes\src\main\java\com\proyecto\panaderialosandes\controllers\UsuarioController.java. Using fallback presentation compiler.
2025.05.28 21:09:05 INFO  no build target found for C:\Users\Usuario\OneDrive\Documentos\CURSOS SEXTO CICLO\Curso integrador sistemas I - software\proyecto-pa\panaderialosandes\src\main\java\com\proyecto\panaderialosandes\controllers\UsuarioController.java. Using fallback presentation compiler.
2025.05.28 21:09:05 INFO  no build target found for C:\Users\Usuario\OneDrive\Documentos\CURSOS SEXTO CICLO\Curso integrador sistemas I - software\proyecto-pa\panaderialosandes\src\main\java\com\proyecto\panaderialosandes\controllers\UsuarioController.java. Using fallback presentation compiler.
2025.05.28 21:09:06 INFO  no build target found for C:\Users\Usuario\OneDrive\Documentos\CURSOS SEXTO CICLO\Curso integrador sistemas I - software\proyecto-pa\panaderialosandes\src\main\java\com\proyecto\panaderialosandes\controllers\UsuarioController.java. Using fallback presentation compiler.
2025.05.28 21:09:07 WARN  no build target for: C:\Users\Usuario\OneDrive\Documentos\CURSOS SEXTO CICLO\Curso integrador sistemas I - software\proyecto-pa\panaderialosandes\src\main\java\com\proyecto\panaderialosandes\controllers\UsuarioController.java
2025.05.28 21:09:07 INFO  no build target found for C:\Users\Usuario\OneDrive\Documentos\CURSOS SEXTO CICLO\Curso integrador sistemas I - software\proyecto-pa\panaderialosandes\src\main\java\com\proyecto\panaderialosandes\controllers\UsuarioController.java. Using fallback presentation compiler.
2025.05.28 21:09:06 WARN  Running javac-semanticdb failed for file:///C:/Users/Usuario/OneDrive/Documentos/CURSOS%20SEXTO%20CICLO/Curso%20integrador%20sistemas%20I%20-%20software/proyecto-pa/panaderialosandes/src/main/java/com/proyecto/panaderialosandes/controllers/UsuarioController.java. Output:

may. 28, 2025 9:09:07 P. M. scala.meta.internal.metals.StdReporter $anonfun$create$1
ADVERTENCIA: QDox parse error in file:///C:/Users/Usuario/OneDrive/Documentos/CURSOS%20SEXTO%20CICLO/Curso%20integrador%20sistemas%20I%20-%20software/proyecto-pa/panaderialosandes/src/main/java/com/proyecto/panaderialosandes/controllers/UsuarioController.java (full report at: C:\Users\Usuario\OneDrive\Documentos\CURSOS SEXTO CICLO\Curso integrador sistemas I - software\proyecto-pa\panaderialosandes\.metals\.reports\metals-full\2025-05-28\r_qdox-error_21-09-07-335.md)
2025.05.28 21:09:08 INFO  no build target found for C:\Users\Usuario\OneDrive\Documentos\CURSOS SEXTO CICLO\Curso integrador sistemas I - software\proyecto-pa\panaderialosandes\src\main\java\com\proyecto\panaderialosandes\controllers\UsuarioController.java. Using fallback presentation compiler.
2025.05.28 21:09:08 INFO  no build target found for C:\Users\Usuario\OneDrive\Documentos\CURSOS SEXTO CICLO\Curso integrador sistemas I - software\proyecto-pa\panaderialosandes\src\main\java\com\proyecto\panaderialosandes\controllers\UsuarioController.java. Using fallback presentation compiler.
2025.05.28 21:09:09 WARN  no build target for: C:\Users\Usuario\OneDrive\Documentos\CURSOS SEXTO CICLO\Curso integrador sistemas I - software\proyecto-pa\panaderialosandes\src\main\java\com\proyecto\panaderialosandes\controllers\UsuarioController.java
2025.05.28 21:09:09 INFO  no build target found for C:\Users\Usuario\OneDrive\Documentos\CURSOS SEXTO CICLO\Curso integrador sistemas I - software\proyecto-pa\panaderialosandes\src\main\java\com\proyecto\panaderialosandes\controllers\UsuarioController.java. Using fallback presentation compiler.
2025.05.28 21:09:08 WARN  Running javac-semanticdb failed for file:///C:/Users/Usuario/OneDrive/Documentos/CURSOS%20SEXTO%20CICLO/Curso%20integrador%20sistemas%20I%20-%20software/proyecto-pa/panaderialosandes/src/main/java/com/proyecto/panaderialosandes/controllers/UsuarioController.java. Output:

2025.05.28 21:09:12 INFO  no build target found for C:\Users\Usuario\OneDrive\Documentos\CURSOS SEXTO CICLO\Curso integrador sistemas I - software\proyecto-pa\panaderialosandes\src\main\java\com\proyecto\panaderialosandes\controllers\UsuarioController.java. Using fallback presentation compiler.
2025.05.28 21:09:33 WARN  no build target for: C:\Users\Usuario\OneDrive\Documentos\CURSOS SEXTO CICLO\Curso integrador sistemas I - software\proyecto-pa\panaderialosandes\src\main\java\com\proyecto\panaderialosandes\controllers\HomeController.java
2025.05.28 21:09:33 INFO  no build target found for C:\Users\Usuario\OneDrive\Documentos\CURSOS SEXTO CICLO\Curso integrador sistemas I - software\proyecto-pa\panaderialosandes\src\main\java\com\proyecto\panaderialosandes\controllers\HomeController.java. Using fallback presentation compiler.
2025.05.28 21:09:34 INFO  no build target found for C:\Users\Usuario\OneDrive\Documentos\CURSOS SEXTO CICLO\Curso integrador sistemas I - software\proyecto-pa\panaderialosandes\src\main\java\com\proyecto\panaderialosandes\controllers\HomeController.java. Using fallback presentation compiler.
2025.05.28 21:09:36 INFO  no build target found for C:\Users\Usuario\OneDrive\Documentos\CURSOS SEXTO CICLO\Curso integrador sistemas I - software\proyecto-pa\panaderialosandes\src\main\java\com\proyecto\panaderialosandes\controllers\HomeController.java. Using fallback presentation compiler.
2025.05.28 21:09:38 INFO  no build target found for C:\Users\Usuario\OneDrive\Documentos\CURSOS SEXTO CICLO\Curso integrador sistemas I - software\proyecto-pa\panaderialosandes\src\main\java\com\proyecto\panaderialosandes\controllers\HomeController.java. Using fallback presentation compiler.
2025.05.28 21:09:51 INFO  no build target found for C:\Users\Usuario\OneDrive\Documentos\CURSOS SEXTO CICLO\Curso integrador sistemas I - software\proyecto-pa\panaderialosandes\src\main\java\com\proyecto\panaderialosandes\controllers\HomeController.java. Using fallback presentation compiler.
2025.05.28 21:09:51 INFO  no build target found for C:\Users\Usuario\OneDrive\Documentos\CURSOS SEXTO CICLO\Curso integrador sistemas I - software\proyecto-pa\panaderialosandes\src\main\java\com\proyecto\panaderialosandes\controllers\HomeController.java. Using fallback presentation compiler.
2025.05.28 21:09:51 INFO  no build target found for C:\Users\Usuario\OneDrive\Documentos\CURSOS SEXTO CICLO\Curso integrador sistemas I - software\proyecto-pa\panaderialosandes\src\main\java\com\proyecto\panaderialosandes\controllers\HomeController.java. Using fallback presentation compiler.
2025.05.28 21:09:52 WARN  no build target for: C:\Users\Usuario\OneDrive\Documentos\CURSOS SEXTO CICLO\Curso integrador sistemas I - software\proyecto-pa\panaderialosandes\src\main\java\com\proyecto\panaderialosandes\controllers\HomeController.java
2025.05.28 21:09:52 INFO  no build target found for C:\Users\Usuario\OneDrive\Documentos\CURSOS SEXTO CICLO\Curso integrador sistemas I - software\proyecto-pa\panaderialosandes\src\main\java\com\proyecto\panaderialosandes\controllers\HomeController.java. Using fallback presentation compiler.
2025.05.28 21:09:52 WARN  Running javac-semanticdb failed for file:///C:/Users/Usuario/OneDrive/Documentos/CURSOS%20SEXTO%20CICLO/Curso%20integrador%20sistemas%20I%20-%20software/proyecto-pa/panaderialosandes/src/main/java/com/proyecto/panaderialosandes/controllers/HomeController.java. Output:

2025.05.28 21:09:52 INFO  no build target found for C:\Users\Usuario\OneDrive\Documentos\CURSOS SEXTO CICLO\Curso integrador sistemas I - software\proyecto-pa\panaderialosandes\src\main\java\com\proyecto\panaderialosandes\controllers\HomeController.java. Using fallback presentation compiler.
2025.05.28 21:09:53 INFO  no build target found for C:\Users\Usuario\OneDrive\Documentos\CURSOS SEXTO CICLO\Curso integrador sistemas I - software\proyecto-pa\panaderialosandes\src\main\java\com\proyecto\panaderialosandes\controllers\HomeController.java. Using fallback presentation compiler.
2025.05.28 21:09:53 WARN  no build target for: C:\Users\Usuario\OneDrive\Documentos\CURSOS SEXTO CICLO\Curso integrador sistemas I - software\proyecto-pa\panaderialosandes\src\main\java\com\proyecto\panaderialosandes\controllers\HomeController.java
2025.05.28 21:09:53 INFO  no build target found for C:\Users\Usuario\OneDrive\Documentos\CURSOS SEXTO CICLO\Curso integrador sistemas I - software\proyecto-pa\panaderialosandes\src\main\java\com\proyecto\panaderialosandes\controllers\HomeController.java. Using fallback presentation compiler.
2025.05.28 21:09:53 WARN  Running javac-semanticdb failed for file:///C:/Users/Usuario/OneDrive/Documentos/CURSOS%20SEXTO%20CICLO/Curso%20integrador%20sistemas%20I%20-%20software/proyecto-pa/panaderialosandes/src/main/java/com/proyecto/panaderialosandes/controllers/HomeController.java. Output:

2025.05.28 21:09:59 INFO  no build target found for C:\Users\Usuario\OneDrive\Documentos\CURSOS SEXTO CICLO\Curso integrador sistemas I - software\proyecto-pa\panaderialosandes\src\main\java\com\proyecto\panaderialosandes\controllers\HomeController.java. Using fallback presentation compiler.
2025.05.28 21:10:00 INFO  no build target found for C:\Users\Usuario\OneDrive\Documentos\CURSOS SEXTO CICLO\Curso integrador sistemas I - software\proyecto-pa\panaderialosandes\src\main\java\com\proyecto\panaderialosandes\controllers\HomeController.java. Using fallback presentation compiler.
2025.05.28 21:10:00 INFO  no build target found for C:\Users\Usuario\OneDrive\Documentos\CURSOS SEXTO CICLO\Curso integrador sistemas I - software\proyecto-pa\panaderialosandes\src\main\java\com\proyecto\panaderialosandes\controllers\HomeController.java. Using fallback presentation compiler.
2025.05.28 21:10:01 INFO  no build target found for C:\Users\Usuario\OneDrive\Documentos\CURSOS SEXTO CICLO\Curso integrador sistemas I - software\proyecto-pa\panaderialosandes\src\main\java\com\proyecto\panaderialosandes\controllers\HomeController.java. Using fallback presentation compiler.
2025.05.28 21:10:02 INFO  no build target found for C:\Users\Usuario\OneDrive\Documentos\CURSOS SEXTO CICLO\Curso integrador sistemas I - software\proyecto-pa\panaderialosandes\src\main\java\com\proyecto\panaderialosandes\controllers\HomeController.java. Using fallback presentation compiler.
2025.05.28 21:10:01 INFO  no build target found for C:\Users\Usuario\OneDrive\Documentos\CURSOS SEXTO CICLO\Curso integrador sistemas I - software\proyecto-pa\panaderialosandes\src\main\java\com\proyecto\panaderialosandes\controllers\HomeController.java. Using fallback presentation compiler.
2025.05.28 21:10:02 INFO  no build target found for C:\Users\Usuario\OneDrive\Documentos\CURSOS SEXTO CICLO\Curso integrador sistemas I - software\proyecto-pa\panaderialosandes\src\main\java\com\proyecto\panaderialosandes\controllers\HomeController.java. Using fallback presentation compiler.
2025.05.28 21:10:03 WARN  no build target for: C:\Users\Usuario\OneDrive\Documentos\CURSOS SEXTO CICLO\Curso integrador sistemas I - software\proyecto-pa\panaderialosandes\src\main\java\com\proyecto\panaderialosandes\controllers\HomeController.java
2025.05.28 21:10:03 INFO  no build target found for C:\Users\Usuario\OneDrive\Documentos\CURSOS SEXTO CICLO\Curso integrador sistemas I - software\proyecto-pa\panaderialosandes\src\main\java\com\proyecto\panaderialosandes\controllers\HomeController.java. Using fallback presentation compiler.
2025.05.28 21:10:03 WARN  Running javac-semanticdb failed for file:///C:/Users/Usuario/OneDrive/Documentos/CURSOS%20SEXTO%20CICLO/Curso%20integrador%20sistemas%20I%20-%20software/proyecto-pa/panaderialosandes/src/main/java/com/proyecto/panaderialosandes/controllers/HomeController.java. Output:

2025.05.28 21:10:04 INFO  no build target found for C:\Users\Usuario\OneDrive\Documentos\CURSOS SEXTO CICLO\Curso integrador sistemas I - software\proyecto-pa\panaderialosandes\src\main\java\com\proyecto\panaderialosandes\controllers\HomeController.java. Using fallback presentation compiler.
2025.05.28 21:10:04 INFO  no build target found for C:\Users\Usuario\OneDrive\Documentos\CURSOS SEXTO CICLO\Curso integrador sistemas I - software\proyecto-pa\panaderialosandes\src\main\java\com\proyecto\panaderialosandes\controllers\HomeController.java. Using fallback presentation compiler.
2025.05.28 21:10:05 WARN  no build target for: C:\Users\Usuario\OneDrive\Documentos\CURSOS SEXTO CICLO\Curso integrador sistemas I - software\proyecto-pa\panaderialosandes\src\main\java\com\proyecto\panaderialosandes\controllers\HomeController.java
2025.05.28 21:10:05 INFO  no build target found for C:\Users\Usuario\OneDrive\Documentos\CURSOS SEXTO CICLO\Curso integrador sistemas I - software\proyecto-pa\panaderialosandes\src\main\java\com\proyecto\panaderialosandes\controllers\HomeController.java. Using fallback presentation compiler.
2025.05.28 21:10:05 WARN  Running javac-semanticdb failed for file:///C:/Users/Usuario/OneDrive/Documentos/CURSOS%20SEXTO%20CICLO/Curso%20integrador%20sistemas%20I%20-%20software/proyecto-pa/panaderialosandes/src/main/java/com/proyecto/panaderialosandes/controllers/HomeController.java. Output:

2025.05.28 21:10:06 INFO  no build target found for C:\Users\Usuario\OneDrive\Documentos\CURSOS SEXTO CICLO\Curso integrador sistemas I - software\proyecto-pa\panaderialosandes\src\main\java\com\proyecto\panaderialosandes\controllers\HomeController.java. Using fallback presentation compiler.
2025.05.28 21:10:06 INFO  no build target found for C:\Users\Usuario\OneDrive\Documentos\CURSOS SEXTO CICLO\Curso integrador sistemas I - software\proyecto-pa\panaderialosandes\src\main\java\com\proyecto\panaderialosandes\controllers\HomeController.java. Using fallback presentation compiler.
2025.05.28 21:10:07 WARN  no build target for: C:\Users\Usuario\OneDrive\Documentos\CURSOS SEXTO CICLO\Curso integrador sistemas I - software\proyecto-pa\panaderialosandes\src\main\java\com\proyecto\panaderialosandes\controllers\HomeController.java
2025.05.28 21:10:07 INFO  no build target found for C:\Users\Usuario\OneDrive\Documentos\CURSOS SEXTO CICLO\Curso integrador sistemas I - software\proyecto-pa\panaderialosandes\src\main\java\com\proyecto\panaderialosandes\controllers\HomeController.java. Using fallback presentation compiler.
2025.05.28 21:10:07 WARN  Running javac-semanticdb failed for file:///C:/Users/Usuario/OneDrive/Documentos/CURSOS%20SEXTO%20CICLO/Curso%20integrador%20sistemas%20I%20-%20software/proyecto-pa/panaderialosandes/src/main/java/com/proyecto/panaderialosandes/controllers/HomeController.java. Output:

2025.05.28 21:10:08 INFO  no build target found for C:\Users\Usuario\OneDrive\Documentos\CURSOS SEXTO CICLO\Curso integrador sistemas I - software\proyecto-pa\panaderialosandes\src\main\java\com\proyecto\panaderialosandes\controllers\HomeController.java. Using fallback presentation compiler.
2025.05.28 21:10:09 INFO  no build target found for C:\Users\Usuario\OneDrive\Documentos\CURSOS SEXTO CICLO\Curso integrador sistemas I - software\proyecto-pa\panaderialosandes\src\main\java\com\proyecto\panaderialosandes\controllers\HomeController.java. Using fallback presentation compiler.
2025.05.28 21:10:08 INFO  no build target found for C:\Users\Usuario\OneDrive\Documentos\CURSOS SEXTO CICLO\Curso integrador sistemas I - software\proyecto-pa\panaderialosandes\src\main\java\com\proyecto\panaderialosandes\controllers\HomeController.java. Using fallback presentation compiler.
2025.05.28 21:10:09 INFO  no build target found for C:\Users\Usuario\OneDrive\Documentos\CURSOS SEXTO CICLO\Curso integrador sistemas I - software\proyecto-pa\panaderialosandes\src\main\java\com\proyecto\panaderialosandes\controllers\HomeController.java. Using fallback presentation compiler.
2025.05.28 21:10:10 WARN  no build target for: C:\Users\Usuario\OneDrive\Documentos\CURSOS SEXTO CICLO\Curso integrador sistemas I - software\proyecto-pa\panaderialosandes\src\main\java\com\proyecto\panaderialosandes\controllers\HomeController.java
2025.05.28 21:10:10 INFO  no build target found for C:\Users\Usuario\OneDrive\Documentos\CURSOS SEXTO CICLO\Curso integrador sistemas I - software\proyecto-pa\panaderialosandes\src\main\java\com\proyecto\panaderialosandes\controllers\HomeController.java. Using fallback presentation compiler.
2025.05.28 21:10:10 WARN  Running javac-semanticdb failed for file:///C:/Users/Usuario/OneDrive/Documentos/CURSOS%20SEXTO%20CICLO/Curso%20integrador%20sistemas%20I%20-%20software/proyecto-pa/panaderialosandes/src/main/java/com/proyecto/panaderialosandes/controllers/HomeController.java. Output:

2025.05.28 21:10:10 INFO  no build target found for C:\Users\Usuario\OneDrive\Documentos\CURSOS SEXTO CICLO\Curso integrador sistemas I - software\proyecto-pa\panaderialosandes\src\main\java\com\proyecto\panaderialosandes\controllers\HomeController.java. Using fallback presentation compiler.
2025.05.28 21:10:10 WARN  Running javac-semanticdb failed for file:///C:/Users/Usuario/OneDrive/Documentos/CURSOS%20SEXTO%20CICLO/Curso%20integrador%20sistemas%20I%20-%20software/proyecto-pa/panaderialosandes/src/main/java/com/proyecto/panaderialosandes/controllers/HomeController.java. Output:

2025.05.28 21:10:10 INFO  no build target found for C:\Users\Usuario\OneDrive\Documentos\CURSOS SEXTO CICLO\Curso integrador sistemas I - software\proyecto-pa\panaderialosandes\src\main\java\com\proyecto\panaderialosandes\controllers\HomeController.java. Using fallback presentation compiler.
2025.05.28 21:10:11 WARN  no build target for: C:\Users\Usuario\OneDrive\Documentos\CURSOS SEXTO CICLO\Curso integrador sistemas I - software\proyecto-pa\panaderialosandes\src\main\java\com\proyecto\panaderialosandes\controllers\HomeController.java
2025.05.28 21:10:11 INFO  no build target found for C:\Users\Usuario\OneDrive\Documentos\CURSOS SEXTO CICLO\Curso integrador sistemas I - software\proyecto-pa\panaderialosandes\src\main\java\com\proyecto\panaderialosandes\controllers\HomeController.java. Using fallback presentation compiler.
2025.05.28 21:10:14 INFO  no build target found for C:\Users\Usuario\OneDrive\Documentos\CURSOS SEXTO CICLO\Curso integrador sistemas I - software\proyecto-pa\panaderialosandes\src\main\java\com\proyecto\panaderialosandes\controllers\HomeController.java. Using fallback presentation compiler.
2025.05.28 21:10:14 INFO  no build target found for C:\Users\Usuario\OneDrive\Documentos\CURSOS SEXTO CICLO\Curso integrador sistemas I - software\proyecto-pa\panaderialosandes\src\main\java\com\proyecto\panaderialosandes\controllers\HomeController.java. Using fallback presentation compiler.
2025.05.28 21:10:14 INFO  no build target found for C:\Users\Usuario\OneDrive\Documentos\CURSOS SEXTO CICLO\Curso integrador sistemas I - software\proyecto-pa\panaderialosandes\src\main\java\com\proyecto\panaderialosandes\controllers\HomeController.java. Using fallback presentation compiler.
2025.05.28 21:10:14 INFO  no build target found for C:\Users\Usuario\OneDrive\Documentos\CURSOS SEXTO CICLO\Curso integrador sistemas I - software\proyecto-pa\panaderialosandes\src\main\java\com\proyecto\panaderialosandes\controllers\HomeController.java. Using fallback presentation compiler.
2025.05.28 21:10:15 INFO  no build target found for C:\Users\Usuario\OneDrive\Documentos\CURSOS SEXTO CICLO\Curso integrador sistemas I - software\proyecto-pa\panaderialosandes\src\main\java\com\proyecto\panaderialosandes\controllers\HomeController.java. Using fallback presentation compiler.
2025.05.28 21:10:15 INFO  no build target found for C:\Users\Usuario\OneDrive\Documentos\CURSOS SEXTO CICLO\Curso integrador sistemas I - software\proyecto-pa\panaderialosandes\src\main\java\com\proyecto\panaderialosandes\controllers\HomeController.java. Using fallback presentation compiler.
2025.05.28 21:10:15 WARN  Running javac-semanticdb failed for file:///C:/Users/Usuario/OneDrive/Documentos/CURSOS%20SEXTO%20CICLO/Curso%20integrador%20sistemas%20I%20-%20software/proyecto-pa/panaderialosandes/src/main/java/com/proyecto/panaderialosandes/controllers/HomeController.java. Output:

2025.05.28 21:10:15 WARN  no build target for: C:\Users\Usuario\OneDrive\Documentos\CURSOS SEXTO CICLO\Curso integrador sistemas I - software\proyecto-pa\panaderialosandes\src\main\java\com\proyecto\panaderialosandes\controllers\HomeController.java
2025.05.28 21:10:16 INFO  no build target found for C:\Users\Usuario\OneDrive\Documentos\CURSOS SEXTO CICLO\Curso integrador sistemas I - software\proyecto-pa\panaderialosandes\src\main\java\com\proyecto\panaderialosandes\controllers\HomeController.java. Using fallback presentation compiler.
2025.05.28 21:10:16 INFO  no build target found for C:\Users\Usuario\OneDrive\Documentos\CURSOS SEXTO CICLO\Curso integrador sistemas I - software\proyecto-pa\panaderialosandes\src\main\java\com\proyecto\panaderialosandes\controllers\HomeController.java. Using fallback presentation compiler.
2025.05.28 21:10:16 INFO  no build target found for C:\Users\Usuario\OneDrive\Documentos\CURSOS SEXTO CICLO\Curso integrador sistemas I - software\proyecto-pa\panaderialosandes\src\main\java\com\proyecto\panaderialosandes\controllers\HomeController.java. Using fallback presentation compiler.
2025.05.28 21:10:19 INFO  no build target found for C:\Users\Usuario\OneDrive\Documentos\CURSOS SEXTO CICLO\Curso integrador sistemas I - software\proyecto-pa\panaderialosandes\src\main\java\com\proyecto\panaderialosandes\controllers\HomeController.java. Using fallback presentation compiler.
2025.05.28 21:10:19 INFO  no build target found for C:\Users\Usuario\OneDrive\Documentos\CURSOS SEXTO CICLO\Curso integrador sistemas I - software\proyecto-pa\panaderialosandes\src\main\java\com\proyecto\panaderialosandes\controllers\HomeController.java. Using fallback presentation compiler.
2025.05.28 21:10:19 INFO  no build target found for C:\Users\Usuario\OneDrive\Documentos\CURSOS SEXTO CICLO\Curso integrador sistemas I - software\proyecto-pa\panaderialosandes\src\main\java\com\proyecto\panaderialosandes\controllers\HomeController.java. Using fallback presentation compiler.
2025.05.28 21:10:19 INFO  no build target found for C:\Users\Usuario\OneDrive\Documentos\CURSOS SEXTO CICLO\Curso integrador sistemas I - software\proyecto-pa\panaderialosandes\src\main\java\com\proyecto\panaderialosandes\controllers\HomeController.java. Using fallback presentation compiler.
2025.05.28 21:10:19 INFO  no build target found for C:\Users\Usuario\OneDrive\Documentos\CURSOS SEXTO CICLO\Curso integrador sistemas I - software\proyecto-pa\panaderialosandes\src\main\java\com\proyecto\panaderialosandes\controllers\HomeController.java. Using fallback presentation compiler.
2025.05.28 21:10:19 INFO  no build target found for C:\Users\Usuario\OneDrive\Documentos\CURSOS SEXTO CICLO\Curso integrador sistemas I - software\proyecto-pa\panaderialosandes\src\main\java\com\proyecto\panaderialosandes\controllers\HomeController.java. Using fallback presentation compiler.
2025.05.28 21:10:19 INFO  no build target found for C:\Users\Usuario\OneDrive\Documentos\CURSOS SEXTO CICLO\Curso integrador sistemas I - software\proyecto-pa\panaderialosandes\src\main\java\com\proyecto\panaderialosandes\controllers\HomeController.java. Using fallback presentation compiler.
2025.05.28 21:10:19 INFO  no build target found for C:\Users\Usuario\OneDrive\Documentos\CURSOS SEXTO CICLO\Curso integrador sistemas I - software\proyecto-pa\panaderialosandes\src\main\java\com\proyecto\panaderialosandes\controllers\HomeController.java. Using fallback presentation compiler.
2025.05.28 21:10:19 INFO  no build target found for C:\Users\Usuario\OneDrive\Documentos\CURSOS SEXTO CICLO\Curso integrador sistemas I - software\proyecto-pa\panaderialosandes\src\main\java\com\proyecto\panaderialosandes\controllers\HomeController.java. Using fallback presentation compiler.
2025.05.28 21:10:20 INFO  no build target found for C:\Users\Usuario\OneDrive\Documentos\CURSOS SEXTO CICLO\Curso integrador sistemas I - software\proyecto-pa\panaderialosandes\src\main\java\com\proyecto\panaderialosandes\controllers\HomeController.java. Using fallback presentation compiler.
2025.05.28 21:10:20 INFO  no build target found for C:\Users\Usuario\OneDrive\Documentos\CURSOS SEXTO CICLO\Curso integrador sistemas I - software\proyecto-pa\panaderialosandes\src\main\java\com\proyecto\panaderialosandes\controllers\HomeController.java. Using fallback presentation compiler.
2025.05.28 21:10:20 INFO  no build target found for C:\Users\Usuario\OneDrive\Documentos\CURSOS SEXTO CICLO\Curso integrador sistemas I - software\proyecto-pa\panaderialosandes\src\main\java\com\proyecto\panaderialosandes\controllers\HomeController.java. Using fallback presentation compiler.
2025.05.28 21:10:20 INFO  no build target found for C:\Users\Usuario\OneDrive\Documentos\CURSOS SEXTO CICLO\Curso integrador sistemas I - software\proyecto-pa\panaderialosandes\src\main\java\com\proyecto\panaderialosandes\controllers\HomeController.java. Using fallback presentation compiler.
2025.05.28 21:10:20 INFO  no build target found for C:\Users\Usuario\OneDrive\Documentos\CURSOS SEXTO CICLO\Curso integrador sistemas I - software\proyecto-pa\panaderialosandes\src\main\java\com\proyecto\panaderialosandes\controllers\HomeController.java. Using fallback presentation compiler.
2025.05.28 21:10:20 INFO  no build target found for C:\Users\Usuario\OneDrive\Documentos\CURSOS SEXTO CICLO\Curso integrador sistemas I - software\proyecto-pa\panaderialosandes\src\main\java\com\proyecto\panaderialosandes\controllers\HomeController.java. Using fallback presentation compiler.
2025.05.28 21:10:20 INFO  no build target found for C:\Users\Usuario\OneDrive\Documentos\CURSOS SEXTO CICLO\Curso integrador sistemas I - software\proyecto-pa\panaderialosandes\src\main\java\com\proyecto\panaderialosandes\controllers\HomeController.java. Using fallback presentation compiler.
2025.05.28 21:10:20 INFO  no build target found for C:\Users\Usuario\OneDrive\Documentos\CURSOS SEXTO CICLO\Curso integrador sistemas I - software\proyecto-pa\panaderialosandes\src\main\java\com\proyecto\panaderialosandes\controllers\HomeController.java. Using fallback presentation compiler.
2025.05.28 21:10:20 INFO  no build target found for C:\Users\Usuario\OneDrive\Documentos\CURSOS SEXTO CICLO\Curso integrador sistemas I - software\proyecto-pa\panaderialosandes\src\main\java\com\proyecto\panaderialosandes\controllers\HomeController.java. Using fallback presentation compiler.
2025.05.28 21:10:21 WARN  no build target for: C:\Users\Usuario\OneDrive\Documentos\CURSOS SEXTO CICLO\Curso integrador sistemas I - software\proyecto-pa\panaderialosandes\src\main\java\com\proyecto\panaderialosandes\controllers\HomeController.java
2025.05.28 21:10:21 INFO  no build target found for C:\Users\Usuario\OneDrive\Documentos\CURSOS SEXTO CICLO\Curso integrador sistemas I - software\proyecto-pa\panaderialosandes\src\main\java\com\proyecto\panaderialosandes\controllers\HomeController.java. Using fallback presentation compiler.
2025.05.28 21:10:21 WARN  Running javac-semanticdb failed for file:///C:/Users/Usuario/OneDrive/Documentos/CURSOS%20SEXTO%20CICLO/Curso%20integrador%20sistemas%20I%20-%20software/proyecto-pa/panaderialosandes/src/main/java/com/proyecto/panaderialosandes/controllers/HomeController.java. Output:

2025.05.28 21:10:24 INFO  no build target found for C:\Users\Usuario\OneDrive\Documentos\CURSOS SEXTO CICLO\Curso integrador sistemas I - software\proyecto-pa\panaderialosandes\src\main\java\com\proyecto\panaderialosandes\controllers\HomeController.java. Using fallback presentation compiler.
2025.05.28 21:10:24 INFO  no build target found for C:\Users\Usuario\OneDrive\Documentos\CURSOS SEXTO CICLO\Curso integrador sistemas I - software\proyecto-pa\panaderialosandes\src\main\java\com\proyecto\panaderialosandes\controllers\HomeController.java. Using fallback presentation compiler.
2025.05.28 21:10:24 INFO  no build target found for C:\Users\Usuario\OneDrive\Documentos\CURSOS SEXTO CICLO\Curso integrador sistemas I - software\proyecto-pa\panaderialosandes\src\main\java\com\proyecto\panaderialosandes\controllers\HomeController.java. Using fallback presentation compiler.
2025.05.28 21:10:25 WARN  Running javac-semanticdb failed for file:///C:/Users/Usuario/OneDrive/Documentos/CURSOS%20SEXTO%20CICLO/Curso%20integrador%20sistemas%20I%20-%20software/proyecto-pa/panaderialosandes/src/main/java/com/proyecto/panaderialosandes/controllers/HomeController.java. Output:

2025.05.28 21:10:25 WARN  no build target for: C:\Users\Usuario\OneDrive\Documentos\CURSOS SEXTO CICLO\Curso integrador sistemas I - software\proyecto-pa\panaderialosandes\src\main\java\com\proyecto\panaderialosandes\controllers\HomeController.java
2025.05.28 21:10:25 INFO  no build target found for C:\Users\Usuario\OneDrive\Documentos\CURSOS SEXTO CICLO\Curso integrador sistemas I - software\proyecto-pa\panaderialosandes\src\main\java\com\proyecto\panaderialosandes\controllers\HomeController.java. Using fallback presentation compiler.
2025.05.28 21:10:25 INFO  no build target found for C:\Users\Usuario\OneDrive\Documentos\CURSOS SEXTO CICLO\Curso integrador sistemas I - software\proyecto-pa\panaderialosandes\src\main\java\com\proyecto\panaderialosandes\controllers\HomeController.java. Using fallback presentation compiler.
2025.05.28 21:10:25 INFO  no build target found for C:\Users\Usuario\OneDrive\Documentos\CURSOS SEXTO CICLO\Curso integrador sistemas I - software\proyecto-pa\panaderialosandes\src\main\java\com\proyecto\panaderialosandes\controllers\HomeController.java. Using fallback presentation compiler.
2025.05.28 21:10:25 INFO  no build target found for C:\Users\Usuario\OneDrive\Documentos\CURSOS SEXTO CICLO\Curso integrador sistemas I - software\proyecto-pa\panaderialosandes\src\main\java\com\proyecto\panaderialosandes\controllers\HomeController.java. Using fallback presentation compiler.
2025.05.28 21:10:25 INFO  no build target found for C:\Users\Usuario\OneDrive\Documentos\CURSOS SEXTO CICLO\Curso integrador sistemas I - software\proyecto-pa\panaderialosandes\src\main\java\com\proyecto\panaderialosandes\controllers\HomeController.java. Using fallback presentation compiler.
2025.05.28 21:10:25 INFO  no build target found for C:\Users\Usuario\OneDrive\Documentos\CURSOS SEXTO CICLO\Curso integrador sistemas I - software\proyecto-pa\panaderialosandes\src\main\java\com\proyecto\panaderialosandes\controllers\HomeController.java. Using fallback presentation compiler.
2025.05.28 21:10:25 INFO  no build target found for C:\Users\Usuario\OneDrive\Documentos\CURSOS SEXTO CICLO\Curso integrador sistemas I - software\proyecto-pa\panaderialosandes\src\main\java\com\proyecto\panaderialosandes\controllers\HomeController.java. Using fallback presentation compiler.
2025.05.28 21:10:25 INFO  no build target found for C:\Users\Usuario\OneDrive\Documentos\CURSOS SEXTO CICLO\Curso integrador sistemas I - software\proyecto-pa\panaderialosandes\src\main\java\com\proyecto\panaderialosandes\controllers\HomeController.java. Using fallback presentation compiler.
2025.05.28 21:10:27 WARN  no build target for: C:\Users\Usuario\OneDrive\Documentos\CURSOS SEXTO CICLO\Curso integrador sistemas I - software\proyecto-pa\panaderialosandes\src\main\java\com\proyecto\panaderialosandes\controllers\HomeController.java
2025.05.28 21:10:27 INFO  no build target found for C:\Users\Usuario\OneDrive\Documentos\CURSOS SEXTO CICLO\Curso integrador sistemas I - software\proyecto-pa\panaderialosandes\src\main\java\com\proyecto\panaderialosandes\controllers\HomeController.java. Using fallback presentation compiler.
2025.05.28 21:10:27 WARN  Running javac-semanticdb failed for file:///C:/Users/Usuario/OneDrive/Documentos/CURSOS%20SEXTO%20CICLO/Curso%20integrador%20sistemas%20I%20-%20software/proyecto-pa/panaderialosandes/src/main/java/com/proyecto/panaderialosandes/controllers/HomeController.java. Output:

2025.05.28 21:10:27 WARN  no build target for: C:\Users\Usuario\OneDrive\Documentos\CURSOS SEXTO CICLO\Curso integrador sistemas I - software\proyecto-pa\panaderialosandes\src\main\java\com\proyecto\panaderialosandes\controllers\HomeController.java
2025.05.28 21:10:27 INFO  no build target found for C:\Users\Usuario\OneDrive\Documentos\CURSOS SEXTO CICLO\Curso integrador sistemas I - software\proyecto-pa\panaderialosandes\src\main\java\com\proyecto\panaderialosandes\controllers\HomeController.java. Using fallback presentation compiler.
2025.05.28 21:10:30 INFO  no build target found for C:\Users\Usuario\OneDrive\Documentos\CURSOS SEXTO CICLO\Curso integrador sistemas I - software\proyecto-pa\panaderialosandes\src\main\java\com\proyecto\panaderialosandes\controllers\HomeController.java. Using fallback presentation compiler.
2025.05.28 21:10:30 INFO  no build target found for C:\Users\Usuario\OneDrive\Documentos\CURSOS SEXTO CICLO\Curso integrador sistemas I - software\proyecto-pa\panaderialosandes\src\main\java\com\proyecto\panaderialosandes\controllers\HomeController.java. Using fallback presentation compiler.
2025.05.28 21:10:32 WARN  no build target for: C:\Users\Usuario\OneDrive\Documentos\CURSOS SEXTO CICLO\Curso integrador sistemas I - software\proyecto-pa\panaderialosandes\src\main\java\com\proyecto\panaderialosandes\controllers\UsuarioController.java
2025.05.28 21:10:33 INFO  no build target found for C:\Users\Usuario\OneDrive\Documentos\CURSOS SEXTO CICLO\Curso integrador sistemas I - software\proyecto-pa\panaderialosandes\src\main\java\com\proyecto\panaderialosandes\controllers\UsuarioController.java. Using fallback presentation compiler.
2025.05.28 21:10:35 INFO  no build target found for C:\Users\Usuario\OneDrive\Documentos\CURSOS SEXTO CICLO\Curso integrador sistemas I - software\proyecto-pa\panaderialosandes\src\main\java\com\proyecto\panaderialosandes\controllers\UsuarioController.java. Using fallback presentation compiler.
2025.05.28 21:10:35 INFO  no build target found for C:\Users\Usuario\OneDrive\Documentos\CURSOS SEXTO CICLO\Curso integrador sistemas I - software\proyecto-pa\panaderialosandes\src\main\java\com\proyecto\panaderialosandes\controllers\UsuarioController.java. Using fallback presentation compiler.
2025.05.28 21:10:36 INFO  no build target found for C:\Users\Usuario\OneDrive\Documentos\CURSOS SEXTO CICLO\Curso integrador sistemas I - software\proyecto-pa\panaderialosandes\src\main\java\com\proyecto\panaderialosandes\controllers\UsuarioController.java. Using fallback presentation compiler.
2025.05.28 21:10:36 WARN  no build target for: C:\Users\Usuario\OneDrive\Documentos\CURSOS SEXTO CICLO\Curso integrador sistemas I - software\proyecto-pa\panaderialosandes\src\main\java\com\proyecto\panaderialosandes\controllers\UsuarioController.java
2025.05.28 21:10:35 WARN  Running javac-semanticdb failed for file:///C:/Users/Usuario/OneDrive/Documentos/CURSOS%20SEXTO%20CICLO/Curso%20integrador%20sistemas%20I%20-%20software/proyecto-pa/panaderialosandes/src/main/java/com/proyecto/panaderialosandes/controllers/UsuarioController.java. Output:

2025.05.28 21:10:40 INFO  no build target found for C:\Users\Usuario\OneDrive\Documentos\CURSOS SEXTO CICLO\Curso integrador sistemas I - software\proyecto-pa\panaderialosandes\src\main\java\com\proyecto\panaderialosandes\controllers\UsuarioController.java. Using fallback presentation compiler.
2025.05.28 21:10:40 INFO  no build target found for C:\Users\Usuario\OneDrive\Documentos\CURSOS SEXTO CICLO\Curso integrador sistemas I - software\proyecto-pa\panaderialosandes\src\main\java\com\proyecto\panaderialosandes\controllers\UsuarioController.java. Using fallback presentation compiler.
2025.05.28 21:10:42 WARN  no build target for: C:\Users\Usuario\OneDrive\Documentos\CURSOS SEXTO CICLO\Curso integrador sistemas I - software\proyecto-pa\panaderialosandes\src\main\java\com\proyecto\panaderialosandes\controllers\HomeController.java
2025.05.28 21:10:42 INFO  no build target found for C:\Users\Usuario\OneDrive\Documentos\CURSOS SEXTO CICLO\Curso integrador sistemas I - software\proyecto-pa\panaderialosandes\src\main\java\com\proyecto\panaderialosandes\controllers\HomeController.java. Using fallback presentation compiler.
2025.05.28 21:13:17 WARN  no build target for: C:\Users\Usuario\OneDrive\Documentos\CURSOS SEXTO CICLO\Curso integrador sistemas I - software\proyecto-pa\panaderialosandes\src\main\java\com\proyecto\panaderialosandes\controllers\HomeController.java
2025.05.28 21:13:17 INFO  no build target found for C:\Users\Usuario\OneDrive\Documentos\CURSOS SEXTO CICLO\Curso integrador sistemas I - software\proyecto-pa\panaderialosandes\src\main\java\com\proyecto\panaderialosandes\controllers\HomeController.java. Using fallback presentation compiler.
2025.05.28 21:13:19 WARN  no build target for: C:\Users\Usuario\OneDrive\Documentos\CURSOS SEXTO CICLO\Curso integrador sistemas I - software\proyecto-pa\panaderialosandes\src\main\java\com\proyecto\panaderialosandes\controllers\UsuarioController.java
2025.05.28 21:13:19 INFO  no build target found for C:\Users\Usuario\OneDrive\Documentos\CURSOS SEXTO CICLO\Curso integrador sistemas I - software\proyecto-pa\panaderialosandes\src\main\java\com\proyecto\panaderialosandes\controllers\UsuarioController.java. Using fallback presentation compiler.
2025.05.28 21:13:19 WARN  no build target for: C:\Users\Usuario\OneDrive\Documentos\CURSOS SEXTO CICLO\Curso integrador sistemas I - software\proyecto-pa\panaderialosandes\src\main\java\com\proyecto\panaderialosandes\controllers\HomeController.java
2025.05.28 21:13:20 INFO  no build target found for C:\Users\Usuario\OneDrive\Documentos\CURSOS SEXTO CICLO\Curso integrador sistemas I - software\proyecto-pa\panaderialosandes\src\main\java\com\proyecto\panaderialosandes\controllers\HomeController.java. Using fallback presentation compiler.
2025.05.28 21:13:22 INFO  no build target found for C:\Users\Usuario\OneDrive\Documentos\CURSOS SEXTO CICLO\Curso integrador sistemas I - software\proyecto-pa\panaderialosandes\src\main\java\com\proyecto\panaderialosandes\controllers\HomeController.java. Using fallback presentation compiler.
2025.05.28 21:13:25 INFO  no build target found for C:\Users\Usuario\OneDrive\Documentos\CURSOS SEXTO CICLO\Curso integrador sistemas I - software\proyecto-pa\panaderialosandes\src\main\java\com\proyecto\panaderialosandes\controllers\HomeController.java. Using fallback presentation compiler.
2025.05.28 21:13:25 INFO  no build target found for C:\Users\Usuario\OneDrive\Documentos\CURSOS SEXTO CICLO\Curso integrador sistemas I - software\proyecto-pa\panaderialosandes\src\main\java\com\proyecto\panaderialosandes\controllers\HomeController.java. Using fallback presentation compiler.
2025.05.28 21:13:28 WARN  no build target for: C:\Users\Usuario\OneDrive\Documentos\CURSOS SEXTO CICLO\Curso integrador sistemas I - software\proyecto-pa\panaderialosandes\src\main\java\com\proyecto\panaderialosandes\controllers\HomeController.java
2025.05.28 21:13:28 INFO  no build target found for C:\Users\Usuario\OneDrive\Documentos\CURSOS SEXTO CICLO\Curso integrador sistemas I - software\proyecto-pa\panaderialosandes\src\main\java\com\proyecto\panaderialosandes\controllers\HomeController.java. Using fallback presentation compiler.
2025.05.28 21:14:19 WARN  no build target for: C:\Users\Usuario\OneDrive\Documentos\CURSOS SEXTO CICLO\Curso integrador sistemas I - software\proyecto-pa\panaderialosandes\src\main\java\com\proyecto\panaderialosandes\controllers\UsuarioController.java
2025.05.28 21:14:19 INFO  no build target found for C:\Users\Usuario\OneDrive\Documentos\CURSOS SEXTO CICLO\Curso integrador sistemas I - software\proyecto-pa\panaderialosandes\src\main\java\com\proyecto\panaderialosandes\controllers\UsuarioController.java. Using fallback presentation compiler.
2025.05.28 21:14:20 INFO  no build target found for C:\Users\Usuario\OneDrive\Documentos\CURSOS SEXTO CICLO\Curso integrador sistemas I - software\proyecto-pa\panaderialosandes\src\main\java\com\proyecto\panaderialosandes\controllers\UsuarioController.java. Using fallback presentation compiler.
2025.05.28 21:14:20 INFO  no build target found for C:\Users\Usuario\OneDrive\Documentos\CURSOS SEXTO CICLO\Curso integrador sistemas I - software\proyecto-pa\panaderialosandes\src\main\java\com\proyecto\panaderialosandes\controllers\UsuarioController.java. Using fallback presentation compiler.
may. 28, 2025 9:14:20 P. M. org.eclipse.lsp4j.jsonrpc.RemoteEndpoint handleCancellation
ADVERTENCIA: Unmatched cancel notification for request id 529
2025.05.28 21:14:21 WARN  no build target for: C:\Users\Usuario\OneDrive\Documentos\CURSOS SEXTO CICLO\Curso integrador sistemas I - software\proyecto-pa\panaderialosandes\src\main\java\com\proyecto\panaderialosandes\controllers\HomeController.java
2025.05.28 21:14:22 INFO  no build target found for C:\Users\Usuario\OneDrive\Documentos\CURSOS SEXTO CICLO\Curso integrador sistemas I - software\proyecto-pa\panaderialosandes\src\main\java\com\proyecto\panaderialosandes\controllers\HomeController.java. Using fallback presentation compiler.
2025.05.28 21:21:46 WARN  no build target for: C:\Users\Usuario\OneDrive\Documentos\CURSOS SEXTO CICLO\Curso integrador sistemas I - software\proyecto-pa\panaderialosandes\src\main\java\com\proyecto\panaderialosandes\controllers\HomeController.java
2025.05.28 21:21:47 INFO  no build target found for C:\Users\Usuario\OneDrive\Documentos\CURSOS SEXTO CICLO\Curso integrador sistemas I - software\proyecto-pa\panaderialosandes\src\main\java\com\proyecto\panaderialosandes\controllers\HomeController.java. Using fallback presentation compiler.
2025.05.28 21:21:51 INFO  no build target found for C:\Users\Usuario\OneDrive\Documentos\CURSOS SEXTO CICLO\Curso integrador sistemas I - software\proyecto-pa\panaderialosandes\src\main\java\com\proyecto\panaderialosandes\controllers\HomeController.java. Using fallback presentation compiler.
2025.05.28 21:21:51 INFO  no build target found for C:\Users\Usuario\OneDrive\Documentos\CURSOS SEXTO CICLO\Curso integrador sistemas I - software\proyecto-pa\panaderialosandes\src\main\java\com\proyecto\panaderialosandes\controllers\HomeController.java. Using fallback presentation compiler.
2025.05.28 21:21:51 INFO  no build target found for C:\Users\Usuario\OneDrive\Documentos\CURSOS SEXTO CICLO\Curso integrador sistemas I - software\proyecto-pa\panaderialosandes\src\main\java\com\proyecto\panaderialosandes\controllers\HomeController.java. Using fallback presentation compiler.
2025.05.28 21:21:52 WARN  no build target for: C:\Users\Usuario\OneDrive\Documentos\CURSOS SEXTO CICLO\Curso integrador sistemas I - software\proyecto-pa\panaderialosandes\src\main\java\com\proyecto\panaderialosandes\controllers\HomeController.java
2025.05.28 21:21:52 INFO  no build target found for C:\Users\Usuario\OneDrive\Documentos\CURSOS SEXTO CICLO\Curso integrador sistemas I - software\proyecto-pa\panaderialosandes\src\main\java\com\proyecto\panaderialosandes\controllers\HomeController.java. Using fallback presentation compiler.
2025.05.28 21:21:52 WARN  Running javac-semanticdb failed for file:///C:/Users/Usuario/OneDrive/Documentos/CURSOS%20SEXTO%20CICLO/Curso%20integrador%20sistemas%20I%20-%20software/proyecto-pa/panaderialosandes/src/main/java/com/proyecto/panaderialosandes/controllers/HomeController.java. Output:

2025.05.28 21:21:54 INFO  no build target found for C:\Users\Usuario\OneDrive\Documentos\CURSOS SEXTO CICLO\Curso integrador sistemas I - software\proyecto-pa\panaderialosandes\src\main\java\com\proyecto\panaderialosandes\controllers\HomeController.java. Using fallback presentation compiler.
2025.05.28 21:21:54 INFO  no build target found for C:\Users\Usuario\OneDrive\Documentos\CURSOS SEXTO CICLO\Curso integrador sistemas I - software\proyecto-pa\panaderialosandes\src\main\java\com\proyecto\panaderialosandes\controllers\HomeController.java. Using fallback presentation compiler.
2025.05.28 21:21:55 INFO  no build target found for C:\Users\Usuario\OneDrive\Documentos\CURSOS SEXTO CICLO\Curso integrador sistemas I - software\proyecto-pa\panaderialosandes\src\main\java\com\proyecto\panaderialosandes\controllers\HomeController.java. Using fallback presentation compiler.
2025.05.28 21:21:56 WARN  no build target for: C:\Users\Usuario\OneDrive\Documentos\CURSOS SEXTO CICLO\Curso integrador sistemas I - software\proyecto-pa\panaderialosandes\src\main\java\com\proyecto\panaderialosandes\controllers\HomeController.java
2025.05.28 21:21:56 INFO  no build target found for C:\Users\Usuario\OneDrive\Documentos\CURSOS SEXTO CICLO\Curso integrador sistemas I - software\proyecto-pa\panaderialosandes\src\main\java\com\proyecto\panaderialosandes\controllers\HomeController.java. Using fallback presentation compiler.
2025.05.28 21:21:56 WARN  Running javac-semanticdb failed for file:///C:/Users/Usuario/OneDrive/Documentos/CURSOS%20SEXTO%20CICLO/Curso%20integrador%20sistemas%20I%20-%20software/proyecto-pa/panaderialosandes/src/main/java/com/proyecto/panaderialosandes/controllers/HomeController.java. Output:

2025.05.28 21:21:57 INFO  no build target found for C:\Users\Usuario\OneDrive\Documentos\CURSOS SEXTO CICLO\Curso integrador sistemas I - software\proyecto-pa\panaderialosandes\src\main\java\com\proyecto\panaderialosandes\controllers\HomeController.java. Using fallback presentation compiler.
2025.05.28 21:21:58 INFO  no build target found for C:\Users\Usuario\OneDrive\Documentos\CURSOS SEXTO CICLO\Curso integrador sistemas I - software\proyecto-pa\panaderialosandes\src\main\java\com\proyecto\panaderialosandes\controllers\HomeController.java. Using fallback presentation compiler.
2025.05.28 21:21:58 WARN  Running javac-semanticdb failed for file:///C:/Users/Usuario/OneDrive/Documentos/CURSOS%20SEXTO%20CICLO/Curso%20integrador%20sistemas%20I%20-%20software/proyecto-pa/panaderialosandes/src/main/java/com/proyecto/panaderialosandes/controllers/HomeController.java. Output:

2025.05.28 21:21:58 WARN  no build target for: C:\Users\Usuario\OneDrive\Documentos\CURSOS SEXTO CICLO\Curso integrador sistemas I - software\proyecto-pa\panaderialosandes\src\main\java\com\proyecto\panaderialosandes\controllers\HomeController.java
2025.05.28 21:21:58 INFO  no build target found for C:\Users\Usuario\OneDrive\Documentos\CURSOS SEXTO CICLO\Curso integrador sistemas I - software\proyecto-pa\panaderialosandes\src\main\java\com\proyecto\panaderialosandes\controllers\HomeController.java. Using fallback presentation compiler.
2025.05.28 21:22:30 INFO  no build target found for C:\Users\Usuario\OneDrive\Documentos\CURSOS SEXTO CICLO\Curso integrador sistemas I - software\proyecto-pa\panaderialosandes\src\main\java\com\proyecto\panaderialosandes\controllers\UsuarioController.java. Using fallback presentation compiler.
2025.05.28 21:22:30 INFO  no build target found for C:\Users\Usuario\OneDrive\Documentos\CURSOS SEXTO CICLO\Curso integrador sistemas I - software\proyecto-pa\panaderialosandes\src\main\java\com\proyecto\panaderialosandes\controllers\HomeController.java. Using fallback presentation compiler.
2025.05.28 21:22:30 INFO  no build target found for C:\Users\Usuario\OneDrive\Documentos\CURSOS SEXTO CICLO\Curso integrador sistemas I - software\proyecto-pa\panaderialosandes\src\main\java\com\proyecto\panaderialosandes\entidades\Usuarios.java. Using fallback presentation compiler.
2025.05.28 21:22:30 INFO  no build target found for C:\Users\Usuario\OneDrive\Documentos\CURSOS SEXTO CICLO\Curso integrador sistemas I - software\proyecto-pa\panaderialosandes\src\main\java\com\proyecto\panaderialosandes\entidades\Productos.java. Using fallback presentation compiler.
may. 28, 2025 10:19:03 P. M. org.eclipse.lsp4j.jsonrpc.services.GenericEndpoint notify
INFORMACIÓN: Unsupported notification method: $/setTrace
